Get:1 http://deb.debian.org/debian bookworm InRelease [151 kB]
Get:2 http://deb.debian.org/debian bookworm-updates InRelease [55.4 kB]
Get:3 http://deb.debian.org/debian-security bookworm-security InRelease [48.0 kB]
Get:4 http://deb.debian.org/debian bookworm/main amd64 Packages [8792 kB]
Get:5 http://deb.debian.org/debian bookworm-updates/main amd64 Packages [6924 B]
Get:6 http://deb.debian.org/debian-security bookworm-security/main amd64 Packages [290 kB]
Fetched 9343 kB in 1s (7823 kB/s)
Reading package lists...
Reading package lists...
Building dependency tree...
Reading state information...
The following additional packages will be installed:
  krb5-locales libbrotli1 libcurl4 libgssapi-krb5-2 libk5crypto3 libkeyutils1
  libkrb5-3 libkrb5support0 libldap-2.5-0 libldap-common libnghttp2-14 libpsl5
  librtmp1 libsasl2-2 libsasl2-modules libsasl2-modules-db libssh2-1
  publicsuffix
Suggested packages:
  krb5-doc krb5-user libsasl2-modules-gssapi-mit
  | libsasl2-modules-gssapi-heimdal libsasl2-modules-ldap libsasl2-modules-otp
  libsasl2-modules-sql
The following NEW packages will be installed:
  curl krb5-locales libbrotli1 libcurl4 libgssapi-krb5-2 libk5crypto3
  libkeyutils1 libkrb5-3 libkrb5support0 libldap-2.5-0 libldap-common
  libnghttp2-14 libpsl5 librtmp1 libsasl2-2 libsasl2-modules
  libsasl2-modules-db libssh2-1 publicsuffix
0 upgraded, 19 newly installed, 0 to remove and 25 not upgraded.
Need to get 2493 kB of archives.
After this operation, 6813 kB of additional disk space will be used.
Get:1 http://deb.debian.org/debian bookworm/main amd64 krb5-locales all 1.20.1-2+deb12u4 [63.4 kB]
Get:2 http://deb.debian.org/debian bookworm/main amd64 libbrotli1 amd64 1.0.9-2+b6 [275 kB]
Get:3 http://deb.debian.org/debian bookworm/main amd64 libkrb5support0 amd64 1.20.1-2+deb12u4 [33.2 kB]
Get:4 http://deb.debian.org/debian bookworm/main amd64 libk5crypto3 amd64 1.20.1-2+deb12u4 [79.8 kB]
Get:5 http://deb.debian.org/debian bookworm/main amd64 libkeyutils1 amd64 1.6.3-2 [8808 B]
Get:6 http://deb.debian.org/debian bookworm/main amd64 libkrb5-3 amd64 1.20.1-2+deb12u4 [334 kB]
Get:7 http://deb.debian.org/debian bookworm/main amd64 libgssapi-krb5-2 amd64 1.20.1-2+deb12u4 [135 kB]
Get:8 http://deb.debian.org/debian bookworm/main amd64 libsasl2-modules-db amd64 2.1.28+dfsg-10 [20.3 kB]
Get:9 http://deb.debian.org/debian bookworm/main amd64 libsasl2-2 amd64 2.1.28+dfsg-10 [59.7 kB]
Get:10 http://deb.debian.org/debian bookworm/main amd64 libldap-2.5-0 amd64 2.5.13+dfsg-5 [183 kB]
Get:11 http://deb.debian.org/debian bookworm/main amd64 libnghttp2-14 amd64 1.52.0-1+deb12u2 [73.0 kB]
Get:12 http://deb.debian.org/debian bookworm/main amd64 libpsl5 amd64 0.21.2-1 [58.7 kB]
Get:13 http://deb.debian.org/debian bookworm/main amd64 librtmp1 amd64 2.4+20151223.gitfa8646d.1-2+b2 [60.8 kB]
Get:14 http://deb.debian.org/debian bookworm/main amd64 libssh2-1 amd64 1.10.0-3+b1 [179 kB]
Get:15 http://deb.debian.org/debian bookworm/main amd64 libcurl4 amd64 7.88.1-10+deb12u14 [392 kB]
Get:16 http://deb.debian.org/debian bookworm/main amd64 curl amd64 7.88.1-10+deb12u14 [316 kB]
Get:17 http://deb.debian.org/debian bookworm/main amd64 libldap-common all 2.5.13+dfsg-5 [29.3 kB]
Get:18 http://deb.debian.org/debian bookworm/main amd64 libsasl2-modules amd64 2.1.28+dfsg-10 [66.6 kB]
Get:19 http://deb.debian.org/debian bookworm/main amd64 publicsuffix all 20230209.2326-1 [126 kB]
Fetched 2493 kB in 0s (29.4 MB/s)
Selecting previously unselected package krb5-locales.
(Reading database ... (Reading database ... 5%(Reading database ... 10%(Reading database ... 15%(Reading database ... 20%(Reading database ... 25%(Reading database ... 30%(Reading database ... 35%(Reading database ... 40%(Reading database ... 45%(Reading database ... 50%(Reading database ... 55%(Reading database ... 60%(Reading database ... 65%(Reading database ... 70%(Reading database ... 75%(Reading database ... 80%(Reading database ... 85%(Reading database ... 90%(Reading database ... 95%(Reading database ... 100%(Reading database ... 6632 files and directories currently installed.)
Preparing to unpack .../00-krb5-locales_1.20.1-2+deb12u4_all.deb ...
Unpacking krb5-locales (1.20.1-2+deb12u4) ...
Selecting previously unselected package libbrotli1:amd64.
Preparing to unpack .../01-libbrotli1_1.0.9-2+b6_amd64.deb ...
Unpacking libbrotli1:amd64 (1.0.9-2+b6) ...
Selecting previously unselected package libkrb5support0:amd64.
Preparing to unpack .../02-libkrb5support0_1.20.1-2+deb12u4_amd64.deb ...
Unpacking libkrb5support0:amd64 (1.20.1-2+deb12u4) ...
Selecting previously unselected package libk5crypto3:amd64.
Preparing to unpack .../03-libk5crypto3_1.20.1-2+deb12u4_amd64.deb ...
Unpacking libk5crypto3:amd64 (1.20.1-2+deb12u4) ...
Selecting previously unselected package libkeyutils1:amd64.
Preparing to unpack .../04-libkeyutils1_1.6.3-2_amd64.deb ...
Unpacking libkeyutils1:amd64 (1.6.3-2) ...
Selecting previously unselected package libkrb5-3:amd64.
Preparing to unpack .../05-libkrb5-3_1.20.1-2+deb12u4_amd64.deb ...
Unpacking libkrb5-3:amd64 (1.20.1-2+deb12u4) ...
Selecting previously unselected package libgssapi-krb5-2:amd64.
Preparing to unpack .../06-libgssapi-krb5-2_1.20.1-2+deb12u4_amd64.deb ...
Unpacking libgssapi-krb5-2:amd64 (1.20.1-2+deb12u4) ...
Selecting previously unselected package libsasl2-modules-db:amd64.
Preparing to unpack .../07-libsasl2-modules-db_2.1.28+dfsg-10_amd64.deb ...
Unpacking libsasl2-modules-db:amd64 (2.1.28+dfsg-10) ...
Selecting previously unselected package libsasl2-2:amd64.
Preparing to unpack .../08-libsasl2-2_2.1.28+dfsg-10_amd64.deb ...
Unpacking libsasl2-2:amd64 (2.1.28+dfsg-10) ...
Selecting previously unselected package libldap-2.5-0:amd64.
Preparing to unpack .../09-libldap-2.5-0_2.5.13+dfsg-5_amd64.deb ...
Unpacking libldap-2.5-0:amd64 (2.5.13+dfsg-5) ...
Selecting previously unselected package libnghttp2-14:amd64.
Preparing to unpack .../10-libnghttp2-14_1.52.0-1+deb12u2_amd64.deb ...
Unpacking libnghttp2-14:amd64 (1.52.0-1+deb12u2) ...
Selecting previously unselected package libpsl5:amd64.
Preparing to unpack .../11-libpsl5_0.21.2-1_amd64.deb ...
Unpacking libpsl5:amd64 (0.21.2-1) ...
Selecting previously unselected package librtmp1:amd64.
Preparing to unpack .../12-librtmp1_2.4+20151223.gitfa8646d.1-2+b2_amd64.deb ...
Unpacking librtmp1:amd64 (2.4+20151223.gitfa8646d.1-2+b2) ...
Selecting previously unselected package libssh2-1:amd64.
Preparing to unpack .../13-libssh2-1_1.10.0-3+b1_amd64.deb ...
Unpacking libssh2-1:amd64 (1.10.0-3+b1) ...
Selecting previously unselected package libcurl4:amd64.
Preparing to unpack .../14-libcurl4_7.88.1-10+deb12u14_amd64.deb ...
Unpacking libcurl4:amd64 (7.88.1-10+deb12u14) ...
Selecting previously unselected package curl.
Preparing to unpack .../15-curl_7.88.1-10+deb12u14_amd64.deb ...
Unpacking curl (7.88.1-10+deb12u14) ...
Selecting previously unselected package libldap-common.
Preparing to unpack .../16-libldap-common_2.5.13+dfsg-5_all.deb ...
Unpacking libldap-common (2.5.13+dfsg-5) ...
Selecting previously unselected package libsasl2-modules:amd64.
Preparing to unpack .../17-libsasl2-modules_2.1.28+dfsg-10_amd64.deb ...
Unpacking libsasl2-modules:amd64 (2.1.28+dfsg-10) ...
Selecting previously unselected package publicsuffix.
Preparing to unpack .../18-publicsuffix_20230209.2326-1_all.deb ...
Unpacking publicsuffix (20230209.2326-1) ...
Setting up libkeyutils1:amd64 (1.6.3-2) ...
Setting up libpsl5:amd64 (0.21.2-1) ...
Setting up libbrotli1:amd64 (1.0.9-2+b6) ...
Setting up libsasl2-modules:amd64 (2.1.28+dfsg-10) ...
Setting up libnghttp2-14:amd64 (1.52.0-1+deb12u2) ...
Setting up krb5-locales (1.20.1-2+deb12u4) ...
Setting up libldap-common (2.5.13+dfsg-5) ...
Setting up libkrb5support0:amd64 (1.20.1-2+deb12u4) ...
Setting up libsasl2-modules-db:amd64 (2.1.28+dfsg-10) ...
Setting up librtmp1:amd64 (2.4+20151223.gitfa8646d.1-2+b2) ...
Setting up libk5crypto3:amd64 (1.20.1-2+deb12u4) ...
Setting up libsasl2-2:amd64 (2.1.28+dfsg-10) ...
Setting up libssh2-1:amd64 (1.10.0-3+b1) ...
Setting up libkrb5-3:amd64 (1.20.1-2+deb12u4) ...
Setting up publicsuffix (20230209.2326-1) ...
Setting up libldap-2.5-0:amd64 (2.5.13+dfsg-5) ...
Setting up libgssapi-krb5-2:amd64 (1.20.1-2+deb12u4) ...
Setting up libcurl4:amd64 (7.88.1-10+deb12u14) ...
Setting up curl (7.88.1-10+deb12u14) ...
Processing triggers for libc-bin (2.36-9+deb12u10) ...
no checksums to verify
installing to /root/.local/bin
  uv
  uvx
everything's installed!

To add $HOME/.local/bin to your PATH, either restart your shell or run:

    source $HOME/.local/bin/env (sh, bash, zsh)
    source $HOME/.local/bin/env.fish (fish)
============================= test session starts ==============================
platform linux -- Python 3.13.7, pytest-8.4.1, pluggy-1.6.0
rootdir: /tests
plugins: json-ctrf-0.3.5
collected 1 item

../tests/test_outputs.py F                                               [100%]

=================================== FAILURES ===================================
_________________________________ test_interp __________________________________

    def test_interp():
        """
        Test the interpreter works correctly
        """
        print("Scheme Interpreter Verification")
        print("=" * 50)
        print("Running tests through both interp.py and eval.scm\n")
    
        # Create temp directory for test outputs
        with tempfile.TemporaryDirectory() as temp_dir:
            original_dir = os.getcwd()
    
            test_files = find_test_files()
            if not test_files:
                print("No test files found!")
                return 1
    
            passed = 0
            failed = 0
    
            for test_file in test_files:
                print(f"\nTesting: {test_file}")
                print("-" * 40)
    
                # Detect if input is needed
                test_input = detect_input_requirements(test_file)
    
                # Create isolated directories for each run
                direct_dir = os.path.join(temp_dir, "direct")
                eval_dir = os.path.join(temp_dir, "eval")
    
                os.makedirs(direct_dir, exist_ok=True)
                os.makedirs(eval_dir, exist_ok=True)
    
                # Copy necessary files
                for f in ["interp.py", "eval.scm", test_file]:
                    if os.path.exists(f):
                        shutil.copy2(f, direct_dir)
                        shutil.copy2(f, eval_dir)
    
                # Run direct
                os.chdir(direct_dir)
                direct_out, direct_err, direct_code = run_scheme_direct(
                    os.path.basename(test_file), test_input
                )
    
                # Run through eval.scm
                os.chdir(eval_dir)
                eval_out, eval_err, eval_code = run_scheme_through_eval(
                    os.path.basename(test_file), test_input
                )
    
                if (
                    "05-simple" in test_file
                    or "calculator.scm" in test_file
                    or "closures.scm" in test_file
                ):
                    # Run through eval.scm meta
                    os.chdir(eval_dir)
                    eval2_out, _, _ = run_scheme_through_eval(
                        os.path.basename(test_file), test_input, metacirc=True
                    )
                else:
                    eval2_out = eval_out
    
                os.chdir(original_dir)
    
                # Check for errors
                if direct_err and direct_err != "TIMEOUT":
                    print(f"Direct error: {direct_err}")
                if eval_err and eval_err != "TIMEOUT":
                    print(f"Eval.scm error: {eval_err}")
    
                # Compare outputs
                if direct_err == "TIMEOUT" or eval_err == "TIMEOUT":
                    print("FAILED: Timeout")
                    failed += 1
                elif direct_code != 0 and direct_code != -1:
                    print(f"FAILED: Direct execution failed with code {direct_code}")
                    failed += 1
                else:
                    match, message = compare_outputs(direct_out, eval_out, test_file)
                    match2, message2 = compare_outputs(direct_out, eval2_out, test_file)
                    match = match and match2
    
                    if match:
                        print(f"PASSED: {message}")
                        passed += 1
                    else:
                        print(f"FAILED: {message}")
                        failed += 1
    
                # Clean up temp directories
                shutil.rmtree(direct_dir, ignore_errors=True)
                shutil.rmtree(eval_dir, ignore_errors=True)
    
        print("\n" + "=" * 50)
        print(f"Summary: {passed} passed, {failed} failed out of {passed + failed} tests")
    
>       assert failed == 0
E       assert 63 == 0

/tests/test_outputs.py:220: AssertionError
----------------------------- Captured stdout call -----------------------------
Scheme Interpreter Verification
==================================================
Running tests through both interp.py and eval.scm


Testing: /tests/shadow_test/01-factorial.scm
----------------------------------------
takes 0.0185849666595459
FAILED: OUTPUT MISMATCH:
Direct:
720
40320
1307674368000

Through eval.scm:
Error: Undefined variable: eval

Testing: /tests/shadow_test/02-fibonacci.scm
----------------------------------------
takes 0.018489599227905273
FAILED: OUTPUT MISMATCH:
Direct:
(0 1 1 2 3 5 8 13 21 34 55 89)
75025

Through eval.scm:
Error: Undefined variable: eval

Testing: /tests/shadow_test/03-list-operations.scm
----------------------------------------
takes 0.017684459686279297
FAILED: OUTPUT MISMATCH:
Direct:
(2 4 6 8 10)
5
(10 8 6 4 2)
(6 12 18 24 30)
(6 8 10)

Through eval.scm:
Error: Undefined variable: eval

Testing: /tests/shadow_test/04-higher-order.scm
----------------------------------------
takes 0.017470359802246094
FAILED: OUTPUT MISMATCH:
Direct:
12
28
11
10
20
720

Through eval.scm:
Error: Undefined variable: eval

Testing: /tests/shadow_test/05-simple-io.scm
----------------------------------------
takes 0.01747417449951172
takes 0.01739811897277832
FAILED: OUTPUT MISMATCH:
Direct:
Starting I/O tests...
Text: Greetings, Scheme!
Integer: 99
True value: True
False value: False
Pair list: (10 20 30 40)
Letters: X Y Z
Sequential outputs: Alpha Beta Gamma
Conditional test: 2 is less than 7
I/O testing finished!

Through eval.scm:
Error: Undefined variable: eval

Testing: /tests/shadow_test/06-interactive-io.scm
----------------------------------------
takes 0.017359495162963867
FAILED: OUTPUT MISMATCH:
Direct:
Simple arithmetic program
Input three numbers for calculation
Enter first value: Enter second value: Select function (add, sub, mul, div): Answer: unknown-function
Echo program (enter 'stop to finish)

Through eval.scm:
Error: Undefined variable: eval

Testing: /tests/shadow_test/08-progn-sequencing.scm
----------------------------------------
takes 0.018508195877075195
FAILED: OUTPUT MISMATCH:
Direct:
Progn evaluation test:
Step 1... Step 2... Step 3... Output: 40
Sequence: 1 -> 2 -> 3
Countdown from 5: 5 4 3 2 1 
a = 15, b = 25, a * b = 375

Through eval.scm:
Error: Undefined variable: eval

Testing: /tests/shadow_test/09-mutual-recursion.scm
----------------------------------------
takes 0.017623186111450195
FAILED: OUTPUT MISMATCH:
Direct:
Even/odd number testing:
0 is even
3 is odd
12 is even
17 is odd
50 is even
Alternating elements from (10 20 30 40 50 60 70):
First set: (10 30 50 70)
Second set: (20 40 60)

Through eval.scm:
Error: Undefined variable: eval

Testing: /tests/shadow_test/10-advanced-features.scm
----------------------------------------
takes 0.019214868545532227
FAILED: OUTPUT MISMATCH:
Direct:
Fibonacci using Y combinator:
fib(7) = 13
Employee record:
Name: ('.' "Alice")
Department: ('.' "Engineering")
Accumulator object:
After adding 5 and 3: 18
After clear: 10
Processing file with handler:
File processed with result

Through eval.scm:
Error: Undefined variable: eval

Testing: /tests/shadow_test/accumulator_patterns.scm
----------------------------------------
takes 0.018614530563354492
FAILED: OUTPUT MISMATCH:
Direct:
Factorial of 7: 5040
Reverse of (a b c d e): ('e' 'd' 'c' 'b' 'a')
Sum of (15 25 35 45): 120
Length of (p q r s t): 5
Min and max of (4 2 7 1 9): (1 . 9)

Through eval.scm:
Error: Undefined variable: eval

Testing: /tests/shadow_test/binary_tree.scm
----------------------------------------
takes 0.018632888793945312
FAILED: OUTPUT MISMATCH:
Direct:
In-order tree walk: (2 4 6 8 12)

Through eval.scm:
Error: Undefined variable: eval

Testing: /tests/shadow_test/church_numerals.scm
----------------------------------------
takes 0.01859307289123535
FAILED: OUTPUT MISMATCH:
Direct:
zero to int: 0
two to int: 2
three to int: 3
four (succ three) to int: 4
3 + 2 = 5
3 * 2 = 6

Through eval.scm:
Error: Undefined variable: eval

Testing: /tests/shadow_test/closures.scm
----------------------------------------
takes 0.017887115478515625
takes 0.017514705657958984
FAILED: OUTPUT MISMATCH:
Direct:
Cnt1 first call: 1
Cnt1 second call: 2
Cnt2 first call: 1
Cnt1 third call: 3
scale4 of 5: 20
scale8 of 5: 40
minus6 of 10: 4

Through eval.scm:
Error: Undefined variable: eval

Testing: /tests/shadow_test/continuation_passing.scm
----------------------------------------
takes 0.018368959426879883
FAILED: OUTPUT MISMATCH:
Direct:
Regular factorial of 6: 720
CPS factorial of 6: 720
CPS fibonacci of 8: 21
CPS product of (2 3 4 5): 120

Through eval.scm:
Error: Undefined variable: eval

Testing: /tests/shadow_test/currying.scm
----------------------------------------
takes 0.017646312713623047
FAILED: OUTPUT MISMATCH:
Direct:
Curried subtract 10 from 3: 7
sub10 from 25: -15
div4 into 20: 0
Curried compute 3 * 4 + 5: 17
Partially applied compute3-4 + 7: 19
Flipped division 20 / 4: 0
(3 - 7) / 4 = -1

Through eval.scm:
Error: Undefined variable: eval

Testing: /tests/shadow_test/filter_operations.scm
----------------------------------------
takes 0.017531394958496094
FAILED: OUTPUT MISMATCH:
Direct:
All values: (2 3 4 5 6 7 8 9 10 11)
Even values: (2 4 6 8 10)
Odd values: (3 5 7 9 11)
Mixed values: (-5 -3 -1 0 2 4 6)
Negative values: (-5 -3 -1)

Through eval.scm:
Error: Undefined variable: eval

Testing: /tests/shadow_test/fold_operations.scm
----------------------------------------
takes 0.019309043884277344
FAILED: OUTPUT MISMATCH:
Direct:
Sum using fold-left: 20
Product using fold-left: 720
Original: (2 3 4 5 6)
Reversed: (6 5 4 3 2)
Copy list using fold-right: (2 3 4 5 6)

Through eval.scm:
Error: Undefined variable: eval

Testing: /tests/shadow_test/function_composition.scm
----------------------------------------
takes 0.017566204071044922
FAILED: OUTPUT MISMATCH:
Direct:
cube then increment of 2: 9
increment then cube of 2: 27
inc2 (twice increment) of 7: 9
sextuple (twice triple) of 2: 18
triple, increment, then cube of 1: 64
Pipeline (triple, increment, cube) of 2: 343

Through eval.scm:
Error: Undefined variable: eval

Testing: /tests/shadow_test/lazy_evaluation.scm
----------------------------------------
takes 0.018219709396362305
FAILED: OUTPUT MISMATCH:
Direct:
First 12 natural numbers: (0 1 2 3 4 5 6 7 8 9 10 11)
First 6 cubes: (0 1 8 27 64 125)
First 12 Fibonacci numbers: (1 1 2 3 5 8 13 21 34 55 89 144)

Through eval.scm:
Error: Undefined variable: eval

Testing: /tests/shadow_test/list_operations.scm
----------------------------------------
takes 0.017699718475341797
FAILED: OUTPUT MISMATCH:
Direct:
Pair up (a b c) with (1 2 3): (('a' . 1) ('b' . 2) ('c' . 3))
Flatten ((a b) (c (d e)) f): ('a' 'b' 'c' 'd' 'e' 'f')
Split odds from (1 2 3 4 5 6 7): ((1 3 5 7) 2 4 6)
Unique elements from (a b c b d c e): ('a' 'b' 'd' 'c' 'e')

Through eval.scm:
Error: Undefined variable: eval

Testing: /tests/shadow_test/map_operations.scm
----------------------------------------
takes 0.017621994018554688
FAILED: OUTPUT MISMATCH:
Direct:
Original list: (2 4 6 8 10)
Cubed: (8 64 216 512 1000)
Halved: (1 2 3 4 5)
Minus 1: (1 3 5 7 9)
Add 1 three times: (5 7 9 11 13)

Through eval.scm:
Error: Undefined variable: eval

Testing: /tests/shadow_test/memoization.scm
----------------------------------------
takes 0.018569469451904297
FAILED: OUTPUT MISMATCH:
Direct:
Memoized fact(8): 40320
Memoized fact(8) again (from cache): 40320
First call: Computing double of 7...
14
Second call (cached): 14

Through eval.scm:
Error: Undefined variable: eval

Testing: /tests/shadow_test/mutual_recursion.scm
----------------------------------------
takes 0.01914811134338379
FAILED: OUTPUT MISMATCH:
Direct:
Is 6 even? True
Is 9 even? False
Is 9 odd? True
First 12 F-sequence values: 1 1 2 2 3 3 4 5 5 6 6 7 
First 12 M-sequence values: 0 0 1 2 2 3 4 4 5 6 6 7 
Items in tree: 6
Parse tokens: ('x' 'y' 'p' 'q' 'z' 'w')

Through eval.scm:
Error: Undefined variable: eval

Testing: /tests/shadow_test/nested_defines.scm
----------------------------------------
takes 0.017629146575927734
FAILED: OUTPUT MISMATCH:
Direct:
Nested defines result: 124303
5 is positive-like
8 is negative-like
Nested compute: 49

Through eval.scm:
Error: Undefined variable: eval

Testing: /tests/shadow_test/oeis_sequences.scm
----------------------------------------
takes 0.0179898738861084
FAILED: OUTPUT MISMATCH:
Direct:
First 12 Fibonacci numbers (A000045): (0 1 1 2 3 5 8 13 21 34 55 89)
First 11 Jacobsthal numbers (A001045): (0 1 1 3 5 11 21 43 85 171 341)
First 7 Partition numbers (A000041): (1 1 2 3 5 7 11)
First 7 Factorial numbers (A000142): (1 1 2 6 24 120 720)
First 5 Bell numbers (A000110): (1 1 2 5 15)

Through eval.scm:
Error: Undefined variable: eval

Testing: /tests/shadow_test/oeis_sequences2.scm
----------------------------------------
takes 0.02129673957824707
FAILED: OUTPUT MISMATCH:
Direct:
First 8 Catalan numbers (A000108): (1 1 2 5 14 42 132 429)
First 7 Prime numbers (A000040): (2 2 3 5 7 11 13)
First 4 Twin primes (A001097): (1 3 5 11)
First 12 Triangular numbers (A000217): (0 1 3 6 10 15 21 28 36 45 55 66)
First 11 Square numbers (A000290): (0 1 4 9 16 25 36 49 64 81 100)

Through eval.scm:
Error: Undefined variable: eval

Testing: /tests/shadow_test/oeis_sequences3.scm
----------------------------------------
takes 0.018488407135009766
FAILED: OUTPUT MISMATCH:
Direct:
Collatz steps for 1-12 (A006577): (0 1 7 2 5 8 16 3 19 6 14 9)
First 11 Pell numbers (A000129): (0 1 2 5 12 29 70 169 408 985 2378)
First 5 Primorial numbers (A002110): (2 4 12 60 420)
First 5 Central binomial coefficients (A000984): (1 2 6 20 70)
First 7 Derangements (A000166): (1 0 1 2 9 44 265)

Through eval.scm:
Error: Undefined variable: eval

Testing: /tests/shadow_test/recursive_structures.scm
----------------------------------------
takes 0.0186464786529541
FAILED: OUTPUT MISMATCH:
Direct:
Stack operations: Top: 30, After pop: 20
Queue operations: Front: 100, After remove: 200
Dictionary operations: Get 'y': 20, Get 'w': False
Tree map (triple all values): Root: 6, First child: 12

Through eval.scm:
Error: Undefined variable: eval

Testing: /tests/shadow_test/test_read.scm
----------------------------------------
takes 0.018109798431396484
FAILED: OUTPUT MISMATCH:
Direct:
Input test
hello
Complete

Through eval.scm:
Error: Undefined variable: eval

Testing: /tests/shadow_test/variadic_functions.scm
----------------------------------------
takes 0.0177152156829834
FAILED: OUTPUT MISMATCH:
Direct:
Sum of (3 4 5 6 7): 25
Product of (2 4 5): 40
Max of (5 2 8 3 9 1 6): 9
Min of (5 2 8 3 9 1 6): 1
Join ((a b) (c d) (e f)): ('a' 'b' 'c' 'd' 'e' 'f')
Triple all (2 3 4 5): (6 9 12 15)
((x + 1) * 3) / 2 of 5: 9

Through eval.scm:
Error: Undefined variable: eval

Testing: /tests/shadow_test/y_combinator.scm
----------------------------------------
takes 0.01758432388305664
FAILED: OUTPUT MISMATCH:
Direct:
Factorial of 7 using Y combinator: 5040
First 10 Fibonacci numbers: 0 1 1 2 3 5 8 13 21 34

Through eval.scm:
Error: Undefined variable: eval

Testing: /tests/test/01-factorial.scm
----------------------------------------
takes 0.017519712448120117
FAILED: OUTPUT MISMATCH:
Direct:
120
3628800
2432902008176640000

Through eval.scm:
Error: Undefined variable: eval

Testing: /tests/test/02-fibonacci.scm
----------------------------------------
takes 0.018620967864990234
FAILED: OUTPUT MISMATCH:
Direct:
(0 1 1 2 3 5 8 13 21 34)
6765

Through eval.scm:
Error: Undefined variable: eval

Testing: /tests/test/03-list-operations.scm
----------------------------------------
takes 0.017630577087402344
FAILED: OUTPUT MISMATCH:
Direct:
(1 2 3 4 5)
5
(5 4 3 2 1)
(1 4 9 16 25)
(2 4)

Through eval.scm:
Error: Undefined variable: eval

Testing: /tests/test/04-higher-order.scm
----------------------------------------
takes 0.01754593849182129
FAILED: OUTPUT MISMATCH:
Direct:
8
13
26
36
15
120

Through eval.scm:
Error: Undefined variable: eval

Testing: /tests/test/05-simple-io.scm
----------------------------------------
takes 0.017594099044799805
takes 0.01766228675842285
FAILED: OUTPUT MISMATCH:
Direct:
Testing simple I/O...
String: Hello, World!
Number: 42
Boolean true: True
Boolean false: False
List: (1 2 3 4 5)
Character output: A B C
Progn with side effects: First Second Third
Conditional display: 5 is greater than 3
Simple I/O tests completed!

Through eval.scm:
Error: Undefined variable: eval

Testing: /tests/test/06-interactive-io.scm
----------------------------------------
takes 0.017668962478637695
FAILED: OUTPUT MISMATCH:
Direct:
Interactive calculator
Enter two numbers and an operation (+, -, *, /)
First number: Second number: Operation (+, -, *, /): Result: 123
Mini expression evaluator (type 'quit to exit)

Through eval.scm:
Error: Undefined variable: eval

Testing: /tests/test/08-progn-sequencing.scm
----------------------------------------
takes 0.01856255531311035
FAILED: OUTPUT MISMATCH:
Direct:
Testing progn sequencing:
First... Second... Third... Result: 30
Counting: 1 2 3
For loop 1-5: 1 2 3 4 5 
x = 10, y = 20, x + y = 30

Through eval.scm:
Error: Undefined variable: eval

Testing: /tests/test/09-mutual-recursion.scm
----------------------------------------
takes 0.017750263214111328
FAILED: OUTPUT MISMATCH:
Direct:
Testing even? and odd?:
0 is even
1 is odd
10 is even
15 is odd
100 is even
Alternate elements of (1 2 3 4 5 6 7 8):
Even positions: (1 3 5 7)
Odd positions: (2 4 6 8)

Through eval.scm:
Error: Undefined variable: eval

Testing: /tests/test/10-advanced-features.scm
----------------------------------------
takes 0.01763772964477539
FAILED: OUTPUT MISMATCH:
Direct:
Factorial using Y combinator:
5! = 120
Person data:
Name: ('.' "John")
Age: ('.' 30)
Counter object:
After 2 increments: 2
After reset: 0
File handling with callback:
File written successfully

Through eval.scm:
Error: Undefined variable: eval

Testing: /tests/test/accumulator_patterns.scm
----------------------------------------
takes 0.017730712890625
FAILED: OUTPUT MISMATCH:
Direct:
Factorial of 6: 720
Reverse of (1 2 3 4 5): (5 4 3 2 1)
Sum of (10 20 30 40): 100
Length of (a b c d e f): 6
Sum and product of (2 3 4): (9 . 24)

Through eval.scm:
Error: Undefined variable: eval

Testing: /tests/test/binary_tree.scm
----------------------------------------
takes 0.017565011978149414
FAILED: OUTPUT MISMATCH:
Direct:
Tree in-order traversal: (1 3 5 7 9)

Through eval.scm:
Error: Undefined variable: eval

Testing: /tests/test/calculator.scm
----------------------------------------
takes 0.020091533660888672
takes 0.018334627151489258
FAILED: OUTPUT MISMATCH:
Direct:
Reading
123
Done

Through eval.scm:
Error: Undefined variable: eval

Testing: /tests/test/church_numerals.scm
----------------------------------------
takes 0.01835775375366211
FAILED: OUTPUT MISMATCH:
Direct:
zero as int: 0
one as int: 1
two as int: 2
three (succ two) as int: 3
2 + 3 = 5
2 * 3 = 6

Through eval.scm:
Error: Undefined variable: eval

Testing: /tests/test/closures.scm
----------------------------------------
takes 0.018609285354614258
takes 0.018337726593017578
FAILED: OUTPUT MISMATCH:
Direct:
Counter1 first call: 1
Counter1 second call: 2
Counter2 first call: 1
Counter1 third call: 3
add5 to 3: 8
add10 to 3: 13
times3 of 4: 12

Through eval.scm:
Error: Undefined variable: eval

Testing: /tests/test/continuation_passing.scm
----------------------------------------
takes 0.017696619033813477
FAILED: OUTPUT MISMATCH:
Direct:
Normal factorial of 5: 120
CPS factorial of 5: 120
CPS fibonacci of 6: 8
CPS sum of (1 2 3 4 5): 15

Through eval.scm:
Error: Undefined variable: eval

Testing: /tests/test/currying.scm
----------------------------------------
takes 0.017435550689697266
FAILED: OUTPUT MISMATCH:
Direct:
Curried add 5 to 3: 8
add5 to 10: 15
mult3 by 7: 21
Curried combine 2 * 3 + 4: 10
Partially applied combine2-3 + 5: 11
Flipped subtraction 10 - 3: -7
(2 + 4) * 3 = 18

Through eval.scm:
Error: Undefined variable: eval

Testing: /tests/test/filter_operations.scm
----------------------------------------
takes 0.018498659133911133
FAILED: OUTPUT MISMATCH:
Direct:
All numbers: (1 2 3 4 5 6 7 8 9 10)
Even numbers: (2 4 6 8 10)
Odd numbers: (1 3 5 7 9)
Mixed numbers: (-3 -2 -1 0 1 2 3)
Positive numbers: (1 2 3)

Through eval.scm:
Error: Undefined variable: eval

Testing: /tests/test/fold_operations.scm
----------------------------------------
takes 0.01784062385559082
FAILED: OUTPUT MISMATCH:
Direct:
Sum using fold-left: 15
Product using fold-left: 120
Original: (1 2 3 4 5)
Reversed: (5 4 3 2 1)
Copy list using fold-right: (1 2 3 4 5)

Through eval.scm:
Error: Undefined variable: eval

Testing: /tests/test/function_composition.scm
----------------------------------------
takes 0.019092798233032227
FAILED: OUTPUT MISMATCH:
Direct:
square then add1 of 3: 10
add1 then square of 3: 16
add2 (twice add1) of 5: 7
quad (twice double) of 3: 12
double, add1, then square of 2: 25
Pipeline (double, add1, square) of 3: 49

Through eval.scm:
Error: Undefined variable: eval

Testing: /tests/test/lazy_evaluation.scm
----------------------------------------
takes 0.017837047576904297
FAILED: OUTPUT MISMATCH:
Direct:
First 10 natural numbers: (1 2 3 4 5 6 7 8 9 10)
First 8 squares: (1 4 9 16 25 36 49 64)
First 10 Fibonacci numbers: (0 1 1 2 3 5 8 13 21 34)

Through eval.scm:
Error: Undefined variable: eval

Testing: /tests/test/list_operations.scm
----------------------------------------
takes 0.017630338668823242
FAILED: OUTPUT MISMATCH:
Direct:
Zip (1 2 3) with (a b c): ((1 . 'a') (2 . 'b') (3 . 'c'))
Flatten ((1 2) (3 (4 5)) 6): (1 2 3 4 5 6)
Partition evens from (1 2 3 4 5 6): ((2 4 6) 1 3 5)
Remove duplicates from (1 2 3 2 4 3 5): (1 2 4 3 5)

Through eval.scm:
Error: Undefined variable: eval

Testing: /tests/test/map_operations.scm
----------------------------------------
takes 0.017685890197753906
FAILED: OUTPUT MISMATCH:
Direct:
Original list: (1 2 3 4 5)
Squared: (1 4 9 16 25)
Doubled: (2 4 6 8 10)
Add 1: (2 3 4 5 6)
Double then double again: (4 8 12 16 20)

Through eval.scm:
Error: Undefined variable: eval

Testing: /tests/test/memoization.scm
----------------------------------------
takes 0.01753067970275879
FAILED: OUTPUT MISMATCH:
Direct:
Memoized fib(10): 55
Memoized fib(10) again (from cache): 55
First call: Computing square of 5...
25
Second call (cached): 25

Through eval.scm:
Error: Undefined variable: eval

Testing: /tests/test/mutual_recursion.scm
----------------------------------------
takes 0.017525434494018555
FAILED: OUTPUT MISMATCH:
Direct:
Is 4 even? True
Is 7 even? False
Is 7 odd? True
First 10 Female sequence values: 1 1 2 2 3 3 4 5 5 6 
First 10 Male sequence values: 0 0 1 2 2 3 4 4 5 6 
Nodes in tree: 6
Parse expression: ('a' 'b' 'c' 'd' 'e' 'f')

Through eval.scm:
Error: Undefined variable: eval

Testing: /tests/test/nested_defines.scm
----------------------------------------
takes 0.01747298240661621
FAILED: OUTPUT MISMATCH:
Direct:
Nested defines result: 20289
4 is even
7 is odd
Nested define: 25

Through eval.scm:
Error: Undefined variable: eval

Testing: /tests/test/oeis_sequences.scm
----------------------------------------
takes 0.018112897872924805
FAILED: OUTPUT MISMATCH:
Direct:
First 10 Fibonacci numbers (A000045): (0 1 1 2 3 5 8 13 21 34)
First 10 Jacobsthal numbers (A001045): (0 1 1 3 5 11 21 43 85 171)
First 8 Partition numbers (A000041): (1 1 2 3 5 7 11 15)
First 8 Factorial numbers (A000142): (1 1 2 6 24 120 720 5040)
First 6 Bell numbers (A000110): (1 1 2 5 15 52)

Through eval.scm:
Error: Undefined variable: eval

Testing: /tests/test/oeis_sequences2.scm
----------------------------------------
takes 0.017638683319091797
FAILED: OUTPUT MISMATCH:
Direct:
First 8 Catalan numbers (A000108): (1 1 2 5 14 42 132 429)
First 8 Prime numbers (A000040): (2 2 3 5 7 11 13 17)
First 5 Twin primes (A001097): (1 3 5 11 17)
First 10 Triangular numbers (A000217): (0 1 3 6 10 15 21 28 36 45)
First 10 Square numbers (A000290): (0 1 4 9 16 25 36 49 64 81)

Through eval.scm:
Error: Undefined variable: eval

Testing: /tests/test/oeis_sequences3.scm
----------------------------------------
takes 0.017993450164794922
FAILED: OUTPUT MISMATCH:
Direct:
Collatz steps for 1-10 (A006577): (0 1 7 2 5 8 16 3 19 6)
First 10 Pell numbers (A000129): (0 1 2 5 12 29 70 169 408 985)
First 6 Primorial numbers (A002110): (2 4 12 60 420 4620)
First 6 Central binomial coefficients (A000984): (1 2 6 20 70 252)
First 8 Derangements (A000166): (1 0 1 2 9 44 265 1854)

Through eval.scm:
Error: Undefined variable: eval

Testing: /tests/test/recursive_structures.scm
----------------------------------------
takes 0.017476797103881836
FAILED: OUTPUT MISMATCH:
Direct:
Stack operations: Top: 3, After pop: 2
Queue operations: Front: 1, After dequeue: 2
Dictionary operations: Get 'b': 2, Get 'x': False
Tree map (double all values): Root: 2, First child: 4

Through eval.scm:
Error: Undefined variable: eval

Testing: /tests/test/test_read.scm
----------------------------------------
takes 0.017498493194580078
FAILED: OUTPUT MISMATCH:
Direct:
Reading
hello
Done

Through eval.scm:
Error: Undefined variable: eval

Testing: /tests/test/variadic_functions.scm
----------------------------------------
takes 0.017398834228515625
FAILED: OUTPUT MISMATCH:
Direct:
Sum of (1 2 3 4 5): 15
Product of (2 3 4): 24
Max of (3 1 4 1 5 9 2 6): 9
Min of (3 1 4 1 5 9 2 6): 1
Concatenate ((1 2) (3 4) (5 6)): (1 2 3 4 5 6)
Square all (1 2 3 4): (1 4 9 16)
((x + 1) * 2)^2 of 3: 64

Through eval.scm:
Error: Undefined variable: eval

Testing: /tests/test/y_combinator.scm
----------------------------------------
takes 0.018569231033325195
FAILED: OUTPUT MISMATCH:
Direct:
Factorial of 5 using Y combinator: 120
First 8 Fibonacci numbers: 0 1 1 2 3 5 8 13

Through eval.scm:
Error: Undefined variable: eval

==================================================
Summary: 0 passed, 63 failed out of 63 tests
=========================== short test summary info ============================
FAILED ../tests/test_outputs.py::test_interp - assert 63 == 0
============================== 1 failed in 2.74s ===============================
