Hit:1 http://archive.ubuntu.com/ubuntu noble InRelease
Hit:2 http://security.ubuntu.com/ubuntu noble-security InRelease
Hit:3 http://archive.ubuntu.com/ubuntu noble-updates InRelease
Hit:4 http://archive.ubuntu.com/ubuntu noble-backports InRelease
Reading package lists...
Reading package lists...
Building dependency tree...
Reading state information...
primer3 is already the newest version (2.6.1-4).
The following additional packages will be installed:
  krb5-locales libcurl4t64 libgssapi-krb5-2 libk5crypto3 libkeyutils1
  libkrb5-3 libkrb5support0 libnghttp2-14 libpsl5t64 librtmp1 libssh-4
  publicsuffix
Suggested packages:
  krb5-doc krb5-user
The following NEW packages will be installed:
  curl krb5-locales libcurl4t64 libgssapi-krb5-2 libk5crypto3 libkeyutils1
  libkrb5-3 libkrb5support0 libnghttp2-14 libpsl5t64 librtmp1 libssh-4
  publicsuffix
0 upgraded, 13 newly installed, 0 to remove and 9 not upgraded.
Need to get 1704 kB of archives.
After this operation, 4845 kB of additional disk space will be used.
Get:1 http://archive.ubuntu.com/ubuntu noble-updates/main amd64 krb5-locales all 1.20.1-6ubuntu2.6 [14.8 kB]
Get:2 http://archive.ubuntu.com/ubuntu noble-updates/main amd64 libkrb5support0 amd64 1.20.1-6ubuntu2.6 [34.4 kB]
Get:3 http://archive.ubuntu.com/ubuntu noble-updates/main amd64 libk5crypto3 amd64 1.20.1-6ubuntu2.6 [82.0 kB]
Get:4 http://archive.ubuntu.com/ubuntu noble/main amd64 libkeyutils1 amd64 1.6.3-3build1 [9490 B]
Get:5 http://archive.ubuntu.com/ubuntu noble-updates/main amd64 libkrb5-3 amd64 1.20.1-6ubuntu2.6 [348 kB]
Get:6 http://archive.ubuntu.com/ubuntu noble-updates/main amd64 libgssapi-krb5-2 amd64 1.20.1-6ubuntu2.6 [143 kB]
Get:7 http://archive.ubuntu.com/ubuntu noble-updates/main amd64 libnghttp2-14 amd64 1.59.0-1ubuntu0.2 [74.3 kB]
Get:8 http://archive.ubuntu.com/ubuntu noble/main amd64 libpsl5t64 amd64 0.21.2-1.1build1 [57.1 kB]
Get:9 http://archive.ubuntu.com/ubuntu noble/main amd64 publicsuffix all 20231001.0357-0.1 [129 kB]
Get:10 http://archive.ubuntu.com/ubuntu noble/main amd64 librtmp1 amd64 2.4+20151223.gitfa8646d.1-2build7 [56.3 kB]
Get:11 http://archive.ubuntu.com/ubuntu noble-updates/main amd64 libssh-4 amd64 0.10.6-2ubuntu0.2 [188 kB]
Get:12 http://archive.ubuntu.com/ubuntu noble-updates/main amd64 libcurl4t64 amd64 8.5.0-2ubuntu10.6 [341 kB]
Get:13 http://archive.ubuntu.com/ubuntu noble-updates/main amd64 curl amd64 8.5.0-2ubuntu10.6 [226 kB]
Fetched 1704 kB in 1s (1928 kB/s)
Selecting previously unselected package krb5-locales.
(Reading database ... (Reading database ... 5%(Reading database ... 10%(Reading database ... 15%(Reading database ... 20%(Reading database ... 25%(Reading database ... 30%(Reading database ... 35%(Reading database ... 40%(Reading database ... 45%(Reading database ... 50%(Reading database ... 55%(Reading database ... 60%(Reading database ... 65%(Reading database ... 70%(Reading database ... 75%(Reading database ... 80%(Reading database ... 85%(Reading database ... 90%(Reading database ... 95%(Reading database ... 100%(Reading database ... 22465 files and directories currently installed.)
Preparing to unpack .../00-krb5-locales_1.20.1-6ubuntu2.6_all.deb ...
Unpacking krb5-locales (1.20.1-6ubuntu2.6) ...
Selecting previously unselected package libkrb5support0:amd64.
Preparing to unpack .../01-libkrb5support0_1.20.1-6ubuntu2.6_amd64.deb ...
Unpacking libkrb5support0:amd64 (1.20.1-6ubuntu2.6) ...
Selecting previously unselected package libk5crypto3:amd64.
Preparing to unpack .../02-libk5crypto3_1.20.1-6ubuntu2.6_amd64.deb ...
Unpacking libk5crypto3:amd64 (1.20.1-6ubuntu2.6) ...
Selecting previously unselected package libkeyutils1:amd64.
Preparing to unpack .../03-libkeyutils1_1.6.3-3build1_amd64.deb ...
Unpacking libkeyutils1:amd64 (1.6.3-3build1) ...
Selecting previously unselected package libkrb5-3:amd64.
Preparing to unpack .../04-libkrb5-3_1.20.1-6ubuntu2.6_amd64.deb ...
Unpacking libkrb5-3:amd64 (1.20.1-6ubuntu2.6) ...
Selecting previously unselected package libgssapi-krb5-2:amd64.
Preparing to unpack .../05-libgssapi-krb5-2_1.20.1-6ubuntu2.6_amd64.deb ...
Unpacking libgssapi-krb5-2:amd64 (1.20.1-6ubuntu2.6) ...
Selecting previously unselected package libnghttp2-14:amd64.
Preparing to unpack .../06-libnghttp2-14_1.59.0-1ubuntu0.2_amd64.deb ...
Unpacking libnghttp2-14:amd64 (1.59.0-1ubuntu0.2) ...
Selecting previously unselected package libpsl5t64:amd64.
Preparing to unpack .../07-libpsl5t64_0.21.2-1.1build1_amd64.deb ...
Unpacking libpsl5t64:amd64 (0.21.2-1.1build1) ...
Selecting previously unselected package publicsuffix.
Preparing to unpack .../08-publicsuffix_20231001.0357-0.1_all.deb ...
Unpacking publicsuffix (20231001.0357-0.1) ...
Selecting previously unselected package librtmp1:amd64.
Preparing to unpack .../09-librtmp1_2.4+20151223.gitfa8646d.1-2build7_amd64.deb ...
Unpacking librtmp1:amd64 (2.4+20151223.gitfa8646d.1-2build7) ...
Selecting previously unselected package libssh-4:amd64.
Preparing to unpack .../10-libssh-4_0.10.6-2ubuntu0.2_amd64.deb ...
Unpacking libssh-4:amd64 (0.10.6-2ubuntu0.2) ...
Selecting previously unselected package libcurl4t64:amd64.
Preparing to unpack .../11-libcurl4t64_8.5.0-2ubuntu10.6_amd64.deb ...
Unpacking libcurl4t64:amd64 (8.5.0-2ubuntu10.6) ...
Selecting previously unselected package curl.
Preparing to unpack .../12-curl_8.5.0-2ubuntu10.6_amd64.deb ...
Unpacking curl (8.5.0-2ubuntu10.6) ...
Setting up libkeyutils1:amd64 (1.6.3-3build1) ...
Setting up libpsl5t64:amd64 (0.21.2-1.1build1) ...
Setting up libnghttp2-14:amd64 (1.59.0-1ubuntu0.2) ...
Setting up krb5-locales (1.20.1-6ubuntu2.6) ...
Setting up libkrb5support0:amd64 (1.20.1-6ubuntu2.6) ...
Setting up librtmp1:amd64 (2.4+20151223.gitfa8646d.1-2build7) ...
Setting up libk5crypto3:amd64 (1.20.1-6ubuntu2.6) ...
Setting up libkrb5-3:amd64 (1.20.1-6ubuntu2.6) ...
Setting up publicsuffix (20231001.0357-0.1) ...
Setting up libgssapi-krb5-2:amd64 (1.20.1-6ubuntu2.6) ...
Setting up libssh-4:amd64 (0.10.6-2ubuntu0.2) ...
Setting up libcurl4t64:amd64 (8.5.0-2ubuntu10.6) ...
Setting up curl (8.5.0-2ubuntu10.6) ...
Processing triggers for libc-bin (2.39-0ubuntu8.6) ...
no checksums to verify
installing to /root/.local/bin
  uv
  uvx
everything's installed!

To add $HOME/.local/bin to your PATH, either restart your shell or run:

    source $HOME/.local/bin/env (sh, bash, zsh)
    source $HOME/.local/bin/env.fish (fish)
============================= test session starts ==============================
platform linux -- Python 3.13.9, pytest-8.4.1, pluggy-1.6.0
rootdir: /tests
plugins: json-ctrf-0.3.5
collected 1 item

../tests/test_outputs.py F                                               [100%]

=================================== FAILURES ===================================
_________________________________ test_primers _________________________________

    def test_primers():
        """Test that the generated primers will successfully amplify the input DNA and
        contain the required overhangs that will result in the output sequence.
        """
    
        primers_path = Path("/app/primers.fasta")
        assert primers_path.exists(), f"File {primers_path} does not exist."
    
        with open(primers_path, "r") as f:
            lines = [line.rstrip() for line in f]
    
        # This task needs one primer pair per insert/vector to solve each primer takes up
        # two lines so the fasta file should have 16 lines in total.
        assert len(lines) == 16, "Invalid number of lines in primers.fasta."
    
        primers = {}
        for i in range(0, len(lines), 2):
            primer = lines[i + 1].lower()
            # Check that the header and primer are formatted correctly.
            assert lines[i].startswith(">"), "Headers must start with >."
            assert re.fullmatch(r"[atcg]+", primer), "Primer must contain only A, T, C, G."
            primers[lines[i][1:]] = lines[i + 1].lower()
    
        # Check that all required primers are present.
        assert all(
            k in primers
            for k in [
                "input_fwd",
                "input_rev",
                "egfp_fwd",
                "egfp_rev",
                "flag_fwd",
                "flag_rev",
                "snap_fwd",
                "snap_rev",
            ]
        ), "primers.fasta file is missing a primer for a valid solution."
    
>       vector_left, vector_internal, vector_right = make_fragment(
            vector, primers["input_fwd"], primers["input_rev"], circular=True
        )

/tests/test_outputs.py:163: 
_ _ _ _ _ _ _ _ _ _ _ _ _ _ _ _ _ _ _ _ _ _ _ _ _ _ _ _ _ _ _ _ _ _ _ _ _ _ _ _ 
/tests/test_outputs.py:61: in make_fragment
    f_oh, f_bind = parse_bsai_primer(fwd_primer)
                   ^^^^^^^^^^^^^^^^^^^^^^^^^^^^^
_ _ _ _ _ _ _ _ _ _ _ _ _ _ _ _ _ _ _ _ _ _ _ _ _ _ _ _ _ _ _ _ _ _ _ _ _ _ _ _ 

primer = 'ttatttatactcttcctttttcaatattattga'

    def parse_bsai_primer(primer):
        """Primer (5'â†’3'): [clamp] ggtctc [oooo] [binding]"""
        site = "ggtctc"
        i = primer.find(site)
>       assert i != -1, "BsaI site ggtctc not found in primer"
E       AssertionError: BsaI site ggtctc not found in primer
E       assert -1 != -1

/tests/test_outputs.py:48: AssertionError
=========================== short test summary info ============================
FAILED ../tests/test_outputs.py::test_primers - AssertionError: BsaI site ggt...
============================== 1 failed in 0.09s ===============================
