Collecting pytest==8.4.1
  Downloading pytest-8.4.1-py3-none-any.whl.metadata (7.7 kB)
Collecting pytest-json-ctrf==0.3.5
  Downloading pytest_json_ctrf-0.3.5-py3-none-any.whl.metadata (3.3 kB)
Collecting iniconfig>=1 (from pytest==8.4.1)
  Downloading iniconfig-2.3.0-py3-none-any.whl.metadata (2.5 kB)
Collecting packaging>=20 (from pytest==8.4.1)
  Downloading packaging-25.0-py3-none-any.whl.metadata (3.3 kB)
Collecting pluggy<2,>=1.5 (from pytest==8.4.1)
  Downloading pluggy-1.6.0-py3-none-any.whl.metadata (4.8 kB)
Collecting pygments>=2.7.2 (from pytest==8.4.1)
  Downloading pygments-2.19.2-py3-none-any.whl.metadata (2.5 kB)
Downloading pytest-8.4.1-py3-none-any.whl (365 kB)
Downloading pytest_json_ctrf-0.3.5-py3-none-any.whl (6.8 kB)
Downloading pluggy-1.6.0-py3-none-any.whl (20 kB)
Downloading iniconfig-2.3.0-py3-none-any.whl (7.5 kB)
Downloading packaging-25.0-py3-none-any.whl (66 kB)
Downloading pygments-2.19.2-py3-none-any.whl (1.2 MB)
   ━━━━━━━━━━━━━━━━━━━━━━━━━━━━━━━━━━━━━━━━ 1.2/1.2 MB 16.6 MB/s  0:00:00
Installing collected packages: pygments, pluggy, packaging, iniconfig, pytest, pytest-json-ctrf

Successfully installed iniconfig-2.3.0 packaging-25.0 pluggy-1.6.0 pygments-2.19.2 pytest-8.4.1 pytest-json-ctrf-0.3.5
============================= test session starts ==============================
platform linux -- Python 3.13.7, pytest-8.4.1, pluggy-1.6.0
rootdir: /tests
plugins: json-ctrf-0.3.5
collected 27 items

../tests/test_outputs.py ..................FFF.FFFFF                     [100%]

=================================== FAILURES ===================================
_______________________________ test_speedup[2] ________________________________

size = 2

    @pytest.mark.parametrize("size", MAT_SIZES)
    def test_speedup(size):
        """Make sure new implementation is faster than reference."""
        _np_random_seed(0)
        matrices = [
            _np_random_normal(size=(size, size)).astype(np.float64) for _ in range(N)
        ]
    
        with ProcessPoolExecutor(max_workers=1) as executor:
            ref_future = executor.submit(
                _time_function_isolated,
                ref_solution,
                matrices,
            )
            ref_dts = ref_future.result(timeout=30)
            ref_dt = np.median(ref_dts).item() if ref_dts else float("inf")
            print(f"Median time for {size}x{size} (ref): {ref_dt:.6f} seconds")
    
            candidate_future = executor.submit(
                _time_function_isolated,
                find_dominant_eigenvalue_and_eigenvector,
                matrices,
            )
            dts = candidate_future.result(timeout=30)
            dt = np.median(dts).item() if dts else float("inf")
            print(f"Median time for {size}x{size}: {dt:.6f} seconds")
    
>       assert dt < ref_dt, f"{dt:.6f} seconds/call > {ref_dt:.6f} seconds/call"
E       AssertionError: 0.000027 seconds/call > 0.000026 seconds/call
E       assert 2.691950066946447e-05 < 2.646399661898613e-05

/tests/test_outputs.py:111: AssertionError
----------------------------- Captured stdout call -----------------------------
Median time for 2x2 (ref): 0.000026 seconds
Median time for 2x2: 0.000027 seconds
_______________________________ test_speedup[3] ________________________________

size = 3

    @pytest.mark.parametrize("size", MAT_SIZES)
    def test_speedup(size):
        """Make sure new implementation is faster than reference."""
        _np_random_seed(0)
        matrices = [
            _np_random_normal(size=(size, size)).astype(np.float64) for _ in range(N)
        ]
    
        with ProcessPoolExecutor(max_workers=1) as executor:
            ref_future = executor.submit(
                _time_function_isolated,
                ref_solution,
                matrices,
            )
            ref_dts = ref_future.result(timeout=30)
            ref_dt = np.median(ref_dts).item() if ref_dts else float("inf")
            print(f"Median time for {size}x{size} (ref): {ref_dt:.6f} seconds")
    
            candidate_future = executor.submit(
                _time_function_isolated,
                find_dominant_eigenvalue_and_eigenvector,
                matrices,
            )
            dts = candidate_future.result(timeout=30)
            dt = np.median(dts).item() if dts else float("inf")
            print(f"Median time for {size}x{size}: {dt:.6f} seconds")
    
>       assert dt < ref_dt, f"{dt:.6f} seconds/call > {ref_dt:.6f} seconds/call"
E       AssertionError: 0.000030 seconds/call > 0.000029 seconds/call
E       assert 2.9595510568469763e-05 < 2.8914015274494886e-05

/tests/test_outputs.py:111: AssertionError
----------------------------- Captured stdout call -----------------------------
Median time for 3x3 (ref): 0.000029 seconds
Median time for 3x3: 0.000030 seconds
_______________________________ test_speedup[4] ________________________________

size = 4

    @pytest.mark.parametrize("size", MAT_SIZES)
    def test_speedup(size):
        """Make sure new implementation is faster than reference."""
        _np_random_seed(0)
        matrices = [
            _np_random_normal(size=(size, size)).astype(np.float64) for _ in range(N)
        ]
    
        with ProcessPoolExecutor(max_workers=1) as executor:
            ref_future = executor.submit(
                _time_function_isolated,
                ref_solution,
                matrices,
            )
            ref_dts = ref_future.result(timeout=30)
            ref_dt = np.median(ref_dts).item() if ref_dts else float("inf")
            print(f"Median time for {size}x{size} (ref): {ref_dt:.6f} seconds")
    
            candidate_future = executor.submit(
                _time_function_isolated,
                find_dominant_eigenvalue_and_eigenvector,
                matrices,
            )
            dts = candidate_future.result(timeout=30)
            dt = np.median(dts).item() if dts else float("inf")
            print(f"Median time for {size}x{size}: {dt:.6f} seconds")
    
>       assert dt < ref_dt, f"{dt:.6f} seconds/call > {ref_dt:.6f} seconds/call"
E       AssertionError: 0.000032 seconds/call > 0.000031 seconds/call
E       assert 3.2131472835317254e-05 < 3.1182513339444995e-05

/tests/test_outputs.py:111: AssertionError
----------------------------- Captured stdout call -----------------------------
Median time for 4x4 (ref): 0.000031 seconds
Median time for 4x4: 0.000032 seconds
_______________________________ test_speedup[6] ________________________________

size = 6

    @pytest.mark.parametrize("size", MAT_SIZES)
    def test_speedup(size):
        """Make sure new implementation is faster than reference."""
        _np_random_seed(0)
        matrices = [
            _np_random_normal(size=(size, size)).astype(np.float64) for _ in range(N)
        ]
    
        with ProcessPoolExecutor(max_workers=1) as executor:
            ref_future = executor.submit(
                _time_function_isolated,
                ref_solution,
                matrices,
            )
            ref_dts = ref_future.result(timeout=30)
            ref_dt = np.median(ref_dts).item() if ref_dts else float("inf")
            print(f"Median time for {size}x{size} (ref): {ref_dt:.6f} seconds")
    
            candidate_future = executor.submit(
                _time_function_isolated,
                find_dominant_eigenvalue_and_eigenvector,
                matrices,
            )
            dts = candidate_future.result(timeout=30)
            dt = np.median(dts).item() if dts else float("inf")
            print(f"Median time for {size}x{size}: {dt:.6f} seconds")
    
>       assert dt < ref_dt, f"{dt:.6f} seconds/call > {ref_dt:.6f} seconds/call"
E       AssertionError: 0.000044 seconds/call > 0.000044 seconds/call
E       assert 4.423150676302612e-05 < 4.360848106443882e-05

/tests/test_outputs.py:111: AssertionError
----------------------------- Captured stdout call -----------------------------
Median time for 6x6 (ref): 0.000044 seconds
Median time for 6x6: 0.000044 seconds
_______________________________ test_speedup[7] ________________________________

size = 7

    @pytest.mark.parametrize("size", MAT_SIZES)
    def test_speedup(size):
        """Make sure new implementation is faster than reference."""
        _np_random_seed(0)
        matrices = [
            _np_random_normal(size=(size, size)).astype(np.float64) for _ in range(N)
        ]
    
        with ProcessPoolExecutor(max_workers=1) as executor:
            ref_future = executor.submit(
                _time_function_isolated,
                ref_solution,
                matrices,
            )
            ref_dts = ref_future.result(timeout=30)
            ref_dt = np.median(ref_dts).item() if ref_dts else float("inf")
            print(f"Median time for {size}x{size} (ref): {ref_dt:.6f} seconds")
    
            candidate_future = executor.submit(
                _time_function_isolated,
                find_dominant_eigenvalue_and_eigenvector,
                matrices,
            )
            dts = candidate_future.result(timeout=30)
            dt = np.median(dts).item() if dts else float("inf")
            print(f"Median time for {size}x{size}: {dt:.6f} seconds")
    
>       assert dt < ref_dt, f"{dt:.6f} seconds/call > {ref_dt:.6f} seconds/call"
E       AssertionError: 0.000048 seconds/call > 0.000048 seconds/call
E       assert 4.83210023958236e-05 < 4.820851609110832e-05

/tests/test_outputs.py:111: AssertionError
----------------------------- Captured stdout call -----------------------------
Median time for 7x7 (ref): 0.000048 seconds
Median time for 7x7: 0.000048 seconds
_______________________________ test_speedup[8] ________________________________

size = 8

    @pytest.mark.parametrize("size", MAT_SIZES)
    def test_speedup(size):
        """Make sure new implementation is faster than reference."""
        _np_random_seed(0)
        matrices = [
            _np_random_normal(size=(size, size)).astype(np.float64) for _ in range(N)
        ]
    
        with ProcessPoolExecutor(max_workers=1) as executor:
            ref_future = executor.submit(
                _time_function_isolated,
                ref_solution,
                matrices,
            )
            ref_dts = ref_future.result(timeout=30)
            ref_dt = np.median(ref_dts).item() if ref_dts else float("inf")
            print(f"Median time for {size}x{size} (ref): {ref_dt:.6f} seconds")
    
            candidate_future = executor.submit(
                _time_function_isolated,
                find_dominant_eigenvalue_and_eigenvector,
                matrices,
            )
            dts = candidate_future.result(timeout=30)
            dt = np.median(dts).item() if dts else float("inf")
            print(f"Median time for {size}x{size}: {dt:.6f} seconds")
    
>       assert dt < ref_dt, f"{dt:.6f} seconds/call > {ref_dt:.6f} seconds/call"
E       AssertionError: 0.000054 seconds/call > 0.000054 seconds/call
E       assert 5.4127012845128775e-05 < 5.384397809393704e-05

/tests/test_outputs.py:111: AssertionError
----------------------------- Captured stdout call -----------------------------
Median time for 8x8 (ref): 0.000054 seconds
Median time for 8x8: 0.000054 seconds
_______________________________ test_speedup[9] ________________________________

size = 9

    @pytest.mark.parametrize("size", MAT_SIZES)
    def test_speedup(size):
        """Make sure new implementation is faster than reference."""
        _np_random_seed(0)
        matrices = [
            _np_random_normal(size=(size, size)).astype(np.float64) for _ in range(N)
        ]
    
        with ProcessPoolExecutor(max_workers=1) as executor:
            ref_future = executor.submit(
                _time_function_isolated,
                ref_solution,
                matrices,
            )
            ref_dts = ref_future.result(timeout=30)
            ref_dt = np.median(ref_dts).item() if ref_dts else float("inf")
            print(f"Median time for {size}x{size} (ref): {ref_dt:.6f} seconds")
    
            candidate_future = executor.submit(
                _time_function_isolated,
                find_dominant_eigenvalue_and_eigenvector,
                matrices,
            )
            dts = candidate_future.result(timeout=30)
            dt = np.median(dts).item() if dts else float("inf")
            print(f"Median time for {size}x{size}: {dt:.6f} seconds")
    
>       assert dt < ref_dt, f"{dt:.6f} seconds/call > {ref_dt:.6f} seconds/call"
E       AssertionError: 0.000060 seconds/call > 0.000060 seconds/call
E       assert 6.049848161637783e-05 < 6.002149893902242e-05

/tests/test_outputs.py:111: AssertionError
----------------------------- Captured stdout call -----------------------------
Median time for 9x9 (ref): 0.000060 seconds
Median time for 9x9: 0.000060 seconds
_______________________________ test_speedup[10] _______________________________

size = 10

    @pytest.mark.parametrize("size", MAT_SIZES)
    def test_speedup(size):
        """Make sure new implementation is faster than reference."""
        _np_random_seed(0)
        matrices = [
            _np_random_normal(size=(size, size)).astype(np.float64) for _ in range(N)
        ]
    
        with ProcessPoolExecutor(max_workers=1) as executor:
            ref_future = executor.submit(
                _time_function_isolated,
                ref_solution,
                matrices,
            )
            ref_dts = ref_future.result(timeout=30)
            ref_dt = np.median(ref_dts).item() if ref_dts else float("inf")
            print(f"Median time for {size}x{size} (ref): {ref_dt:.6f} seconds")
    
            candidate_future = executor.submit(
                _time_function_isolated,
                find_dominant_eigenvalue_and_eigenvector,
                matrices,
            )
            dts = candidate_future.result(timeout=30)
            dt = np.median(dts).item() if dts else float("inf")
            print(f"Median time for {size}x{size}: {dt:.6f} seconds")
    
>       assert dt < ref_dt, f"{dt:.6f} seconds/call > {ref_dt:.6f} seconds/call"
E       AssertionError: 0.000068 seconds/call > 0.000067 seconds/call
E       assert 6.753197521902621e-05 < 6.723502883687615e-05

/tests/test_outputs.py:111: AssertionError
----------------------------- Captured stdout call -----------------------------
Median time for 10x10 (ref): 0.000067 seconds
Median time for 10x10: 0.000068 seconds
==================================== PASSES ====================================
_______________________________ test_speedup[5] ________________________________
----------------------------- Captured stdout call -----------------------------
Median time for 5x5 (ref): 0.000039 seconds
Median time for 5x5: 0.000038 seconds
=========================== short test summary info ============================
PASSED ../tests/test_outputs.py::test_eigen_pair[2]
PASSED ../tests/test_outputs.py::test_eigen_pair[3]
PASSED ../tests/test_outputs.py::test_eigen_pair[4]
PASSED ../tests/test_outputs.py::test_eigen_pair[5]
PASSED ../tests/test_outputs.py::test_eigen_pair[6]
PASSED ../tests/test_outputs.py::test_eigen_pair[7]
PASSED ../tests/test_outputs.py::test_eigen_pair[8]
PASSED ../tests/test_outputs.py::test_eigen_pair[9]
PASSED ../tests/test_outputs.py::test_eigen_pair[10]
PASSED ../tests/test_outputs.py::test_dominance_eigenvalue[2]
PASSED ../tests/test_outputs.py::test_dominance_eigenvalue[3]
PASSED ../tests/test_outputs.py::test_dominance_eigenvalue[4]
PASSED ../tests/test_outputs.py::test_dominance_eigenvalue[5]
PASSED ../tests/test_outputs.py::test_dominance_eigenvalue[6]
PASSED ../tests/test_outputs.py::test_dominance_eigenvalue[7]
PASSED ../tests/test_outputs.py::test_dominance_eigenvalue[8]
PASSED ../tests/test_outputs.py::test_dominance_eigenvalue[9]
PASSED ../tests/test_outputs.py::test_dominance_eigenvalue[10]
PASSED ../tests/test_outputs.py::test_speedup[5]
FAILED ../tests/test_outputs.py::test_speedup[2] - AssertionError: 0.000027 s...
FAILED ../tests/test_outputs.py::test_speedup[3] - AssertionError: 0.000030 s...
FAILED ../tests/test_outputs.py::test_speedup[4] - AssertionError: 0.000032 s...
FAILED ../tests/test_outputs.py::test_speedup[6] - AssertionError: 0.000044 s...
FAILED ../tests/test_outputs.py::test_speedup[7] - AssertionError: 0.000048 s...
FAILED ../tests/test_outputs.py::test_speedup[8] - AssertionError: 0.000054 s...
FAILED ../tests/test_outputs.py::test_speedup[9] - AssertionError: 0.000060 s...
FAILED ../tests/test_outputs.py::test_speedup[10] - AssertionError: 0.000068 ...
========================= 8 failed, 19 passed in 0.66s =========================
