{
    "results": {
        "tool": {
            "name": "pytest",
            "version": "8.4.1"
        },
        "summary": {
            "tests": 1,
            "passed": 0,
            "failed": 1,
            "skipped": 0,
            "pending": 0,
            "other": 0,
            "start": 1768180664.83265,
            "stop": 1768180664.8640397
        },
        "tests": [
            {
                "name": "test_outputs.py::test_command_output_content_example",
                "status": "failed",
                "raw_status": "call_failed",
                "duration": 0.0006927400245331228,
                "start": 1768180664.8512614,
                "stop": 1768180664.8638635,
                "retries": 0,
                "file_path": "test_outputs.py",
                "trace": "def test_command_output_content_example():\n        # Directly check the integer token count in the expected output file\n        expected_output = \"79586\"\n        actual_output = Path(\"/app/answer.txt\").read_text()\n    \n>       assert expected_output in actual_output, (\n            f\"Expected '{expected_output}' to be in answer.txt\"\n        )\nE       AssertionError: Expected '79586' to be in answer.txt\nE       assert '79586' in '451879'\n\n/tests/test_outputs.py:11: AssertionError",
                "message": "The test failed in the call phase due to an assertion error"
            }
        ]
    }
}