{
    "results": {
        "tool": {
            "name": "pytest",
            "version": "8.4.1"
        },
        "summary": {
            "tests": 3,
            "passed": 2,
            "failed": 1,
            "skipped": 0,
            "pending": 0,
            "other": 0,
            "start": 1768184253.7389815,
            "stop": 1768184253.823381
        },
        "tests": [
            {
                "name": "test_outputs.py::test_sqlite_compiled",
                "status": "passed",
                "duration": 0.002159734896849841,
                "start": 1768184253.8019693,
                "stop": 1768184253.8043447,
                "retries": 0,
                "file_path": "test_outputs.py"
            },
            {
                "name": "test_outputs.py::test_sqlite_in_path",
                "status": "passed",
                "duration": 0.0018448540358804166,
                "start": 1768184253.8045292,
                "stop": 1768184253.8065116,
                "retries": 0,
                "file_path": "test_outputs.py"
            },
            {
                "name": "test_outputs.py::test_gcov_enabled",
                "status": "failed",
                "raw_status": "call_failed",
                "duration": 0.004210773971863091,
                "start": 1768184253.8066745,
                "stop": 1768184253.8232305,
                "retries": 0,
                "file_path": "test_outputs.py",
                "trace": "def test_gcov_enabled():\n        \"\"\"Test that gcov instrumentation is enabled in the SQLite binary.\"\"\"\n        # Check for gcda files (they aren't created until the program runs)\n        # First run the sqlite3 program to generate coverage data\n        result = subprocess.run(\n            [\"sqlite3\", \":memory:\", \"SELECT 1;\"], capture_output=True, text=True\n        )\n        assert result.returncode == 0, \"Failed to run SQLite\"\n    \n        # Now check for gcda files in the sqlite directory\n        gcda_files = []\n        for root, _, files in os.walk(\"/app/sqlite\"):\n            gcda_files.extend([os.path.join(root, f) for f in files if f.endswith(\".gcda\")])\n    \n>       assert len(gcda_files) > 0, (\n            \"No .gcda files found, gcov instrumentation may not be enabled\"\n        )\nE       AssertionError: No .gcda files found, gcov instrumentation may not be enabled\nE       assert 0 > 0\nE        +  where 0 = len([])\n\n/tests/test_outputs.py:50: AssertionError",
                "message": "The test failed in the call phase due to an assertion error"
            }
        ]
    }
}