{
    "results": {
        "tool": {
            "name": "pytest",
            "version": "8.4.1"
        },
        "summary": {
            "tests": 2,
            "passed": 0,
            "failed": 2,
            "skipped": 0,
            "pending": 0,
            "other": 0,
            "start": 1768181720.232018,
            "stop": 1768181720.70795
        },
        "tests": [
            {
                "name": "test_outputs.py::test_filter_blocks_xss",
                "status": "failed",
                "raw_status": "call_failed",
                "duration": 0.0007212949567474425,
                "start": 1768181720.6744716,
                "stop": 1768181720.7021313,
                "retries": 0,
                "file_path": "test_outputs.py",
                "trace": "def test_filter_blocks_xss():\n        \"\"\"Test that filter.py successfully blocks various XSS attacks.\"\"\"\n    \n        # Check filter exists\n>       assert Path(\"/app/filter.py\").exists(), \"filter.py does not exist\"\nE       AssertionError: filter.py does not exist\nE       assert False\nE        +  where False = exists()\nE        +    where exists = PosixPath('/app/filter.py').exists\nE        +      where PosixPath('/app/filter.py') = Path('/app/filter.py')\n\n/tests/test_outputs.py:222: AssertionError",
                "message": "The test failed in the call phase due to an assertion error"
            },
            {
                "name": "test_outputs.py::test_clean_html_unchanged",
                "status": "failed",
                "raw_status": "call_failed",
                "duration": 0.0005404009716585279,
                "start": 1768181720.7023757,
                "stop": 1768181720.7077353,
                "retries": 0,
                "file_path": "test_outputs.py",
                "trace": "def test_clean_html_unchanged():\n        \"\"\"Test that clean HTML files without any JavaScript remain completely unchanged.\"\"\"\n    \n        filter_path = Path(\"/app/filter.py\")\n>       assert filter_path.exists(), \"filter.py does not exist\"\nE       AssertionError: filter.py does not exist\nE       assert False\nE        +  where False = exists()\nE        +    where exists = PosixPath('/app/filter.py').exists\n\n/tests/test_outputs.py:296: AssertionError",
                "message": "The test failed in the call phase due to an assertion error"
            }
        ]
    }
}