Get:1 http://deb.debian.org/debian bookworm InRelease [151 kB]
Get:2 http://deb.debian.org/debian bookworm-updates InRelease [55.4 kB]
Get:3 http://deb.debian.org/debian-security bookworm-security InRelease [48.0 kB]
Get:4 http://deb.debian.org/debian bookworm/main amd64 Packages [8792 kB]
Get:5 http://deb.debian.org/debian bookworm-updates/main amd64 Packages [6924 B]
Get:6 http://deb.debian.org/debian-security bookworm-security/main amd64 Packages [290 kB]
Fetched 9343 kB in 1s (7775 kB/s)
Reading package lists...
Reading package lists...
Building dependency tree...
Reading state information...
The following additional packages will be installed:
  libcurl4 libnghttp2-14 libpsl5 librtmp1 libssh2-1 publicsuffix
The following NEW packages will be installed:
  curl libcurl4 libnghttp2-14 libpsl5 librtmp1 libssh2-1 publicsuffix
0 upgraded, 7 newly installed, 0 to remove and 40 not upgraded.
Need to get 1205 kB of archives.
After this operation, 2547 kB of additional disk space will be used.
Get:1 http://deb.debian.org/debian bookworm/main amd64 libnghttp2-14 amd64 1.52.0-1+deb12u2 [73.0 kB]
Get:2 http://deb.debian.org/debian bookworm/main amd64 libpsl5 amd64 0.21.2-1 [58.7 kB]
Get:3 http://deb.debian.org/debian bookworm/main amd64 librtmp1 amd64 2.4+20151223.gitfa8646d.1-2+b2 [60.8 kB]
Get:4 http://deb.debian.org/debian bookworm/main amd64 libssh2-1 amd64 1.10.0-3+b1 [179 kB]
Get:5 http://deb.debian.org/debian bookworm/main amd64 libcurl4 amd64 7.88.1-10+deb12u14 [392 kB]
Get:6 http://deb.debian.org/debian bookworm/main amd64 curl amd64 7.88.1-10+deb12u14 [316 kB]
Get:7 http://deb.debian.org/debian bookworm/main amd64 publicsuffix all 20230209.2326-1 [126 kB]
Fetched 1205 kB in 0s (17.0 MB/s)
Selecting previously unselected package libnghttp2-14:amd64.
(Reading database ... (Reading database ... 5%(Reading database ... 10%(Reading database ... 15%(Reading database ... 20%(Reading database ... 25%(Reading database ... 30%(Reading database ... 35%(Reading database ... 40%(Reading database ... 45%(Reading database ... 50%(Reading database ... 55%(Reading database ... 60%(Reading database ... 65%(Reading database ... 70%(Reading database ... 75%(Reading database ... 80%(Reading database ... 85%(Reading database ... 90%(Reading database ... 95%(Reading database ... 100%(Reading database ... 23057 files and directories currently installed.)
Preparing to unpack .../0-libnghttp2-14_1.52.0-1+deb12u2_amd64.deb ...
Unpacking libnghttp2-14:amd64 (1.52.0-1+deb12u2) ...
Selecting previously unselected package libpsl5:amd64.
Preparing to unpack .../1-libpsl5_0.21.2-1_amd64.deb ...
Unpacking libpsl5:amd64 (0.21.2-1) ...
Selecting previously unselected package librtmp1:amd64.
Preparing to unpack .../2-librtmp1_2.4+20151223.gitfa8646d.1-2+b2_amd64.deb ...
Unpacking librtmp1:amd64 (2.4+20151223.gitfa8646d.1-2+b2) ...
Selecting previously unselected package libssh2-1:amd64.
Preparing to unpack .../3-libssh2-1_1.10.0-3+b1_amd64.deb ...
Unpacking libssh2-1:amd64 (1.10.0-3+b1) ...
Selecting previously unselected package libcurl4:amd64.
Preparing to unpack .../4-libcurl4_7.88.1-10+deb12u14_amd64.deb ...
Unpacking libcurl4:amd64 (7.88.1-10+deb12u14) ...
Selecting previously unselected package curl.
Preparing to unpack .../5-curl_7.88.1-10+deb12u14_amd64.deb ...
Unpacking curl (7.88.1-10+deb12u14) ...
Selecting previously unselected package publicsuffix.
Preparing to unpack .../6-publicsuffix_20230209.2326-1_all.deb ...
Unpacking publicsuffix (20230209.2326-1) ...
Setting up libpsl5:amd64 (0.21.2-1) ...
Setting up libnghttp2-14:amd64 (1.52.0-1+deb12u2) ...
Setting up librtmp1:amd64 (2.4+20151223.gitfa8646d.1-2+b2) ...
Setting up libssh2-1:amd64 (1.10.0-3+b1) ...
Setting up publicsuffix (20230209.2326-1) ...
Setting up libcurl4:amd64 (7.88.1-10+deb12u14) ...
Setting up curl (7.88.1-10+deb12u14) ...
Processing triggers for libc-bin (2.36-9+deb12u10) ...
no checksums to verify
installing to /root/.local/bin
  uv
  uvx
everything's installed!

To add $HOME/.local/bin to your PATH, either restart your shell or run:

    source $HOME/.local/bin/env (sh, bash, zsh)
    source $HOME/.local/bin/env.fish (fish)
============================= test session starts ==============================
platform linux -- Python 3.13.7, pytest-8.4.1, pluggy-1.6.0
rootdir: /tests
plugins: json-ctrf-0.3.5
collected 2 items

../tests/test_outputs.py FF                                              [100%]

=================================== FAILURES ===================================
____________________________ test_filter_blocks_xss ____________________________

    def test_filter_blocks_xss():
        """Test that filter.py successfully blocks various XSS attacks."""
    
        # Check filter exists
>       assert Path("/app/filter.py").exists(), "filter.py does not exist"
E       AssertionError: filter.py does not exist
E       assert False
E        +  where False = exists()
E        +    where exists = PosixPath('/app/filter.py').exists
E        +      where PosixPath('/app/filter.py') = Path('/app/filter.py')

/tests/test_outputs.py:222: AssertionError
__________________________ test_clean_html_unchanged ___________________________

    def test_clean_html_unchanged():
        """Test that clean HTML files without any JavaScript remain completely unchanged."""
    
        filter_path = Path("/app/filter.py")
>       assert filter_path.exists(), "filter.py does not exist"
E       AssertionError: filter.py does not exist
E       assert False
E        +  where False = exists()
E        +    where exists = PosixPath('/app/filter.py').exists

/tests/test_outputs.py:296: AssertionError
=========================== short test summary info ============================
FAILED ../tests/test_outputs.py::test_filter_blocks_xss - AssertionError: fil...
FAILED ../tests/test_outputs.py::test_clean_html_unchanged - AssertionError: ...
============================== 2 failed in 0.47s ===============================
