{
    "results": {
        "tool": {
            "name": "pytest",
            "version": "8.4.1"
        },
        "summary": {
            "tests": 2,
            "passed": 0,
            "failed": 2,
            "skipped": 0,
            "pending": 0,
            "other": 0,
            "start": 1768180963.2703254,
            "stop": 1768180963.4938066
        },
        "tests": [
            {
                "name": "test_outputs.py::test_extract_js_exists",
                "status": "failed",
                "raw_status": "call_failed",
                "duration": 0.000534360995516181,
                "start": 1768180963.3326702,
                "stop": 1768180963.3455741,
                "retries": 0,
                "file_path": "test_outputs.py",
                "trace": "def test_extract_js_exists():\n        \"\"\"Test that the extract.js file exists\"\"\"\n        extract_path = Path(\"/app/extract.js\")\n>       assert extract_path.exists(), f\"File {extract_path} does not exist\"\nE       AssertionError: File /app/extract.js does not exist\nE       assert False\nE        +  where False = exists()\nE        +    where exists = PosixPath('/app/extract.js').exists\n\n/tests/test_outputs.py:312: AssertionError",
                "message": "The test failed in the call phase due to an assertion error"
            },
            {
                "name": "test_outputs.py::test_output_matches_reference",
                "status": "failed",
                "raw_status": "call_failed",
                "duration": 0.14503363496623933,
                "start": 1768180963.3457513,
                "stop": 1768180963.4936235,
                "retries": 0,
                "file_path": "test_outputs.py",
                "trace": "def test_output_matches_reference():\n        \"\"\"Test that the output of extract.js matches the reference solution\"\"\"\n        # Run the student's script to generate output\n    \n        # Write a simple C program for testing\n        with open(\"/app/new.c\", \"w\") as f:\n            f.write(\"\"\"#include<stdio.h>\n    \n    int main(int argc, char** argv) {\n      printf(\"Here are the %d arguments you requested\\\\n\", argc);\n      for (int i = 0; i < argc; i++) {\n        printf(\"Argument %d: %s\\\\n\", i, argv[i]);\n      }\n      return 0;\n    }\"\"\")\n    \n        # Compile with full paths\n        result = subprocess.run(\n            [\"gcc\", \"-o\", \"/app/new.o\", \"/app/new.c\"], capture_output=True, text=True\n        )\n        assert result.returncode == 0, f\"Compilation failed: {result.stderr}\"\n    \n        # Run extract.js on the compiled binary\n        result = subprocess.run(\n            [\"node\", \"/app/extract.js\", \"/app/new.o\"],\n            stdout=open(\"/app/out.json\", \"w\"),\n            stderr=subprocess.PIPE,\n            text=True,\n        )\n>       assert result.returncode == 0, f\"extract.js execution failed: {result.stderr}\"\nE       AssertionError: extract.js execution failed: node:internal/modules/cjs/loader:1137\nE           throw err;\nE           ^\nE         \nE         Error: Cannot find module '/app/extract.js'\nE             at Module._resolveFilename (node:internal/modules/cjs/loader:1134:15)\nE             at Module._load (node:internal/modules/cjs/loader:975:27)\nE             at Function.executeUserEntryPoint [as runMain] (node:internal/modules/run_main:128:12)\nE             at node:internal/main/run_main_module:28:49 {\nE           code: 'MODULE_NOT_FOUND',\nE           requireStack: []\nE         }\nE         \nE         Node.js v18.19.1\nE         \nE       assert 1 == 0\nE        +  where 1 = CompletedProcess(args=['node', '/app/extract.js', '/app/new.o'], returncode=1, stderr=\"node:internal/modules/cjs/loade... node:internal/main/run_main_module:28:49 {\\n  code: 'MODULE_NOT_FOUND',\\n  requireStack: []\\n}\\n\\nNode.js v18.19.1\\n\").returncode\n\n/tests/test_outputs.py:345: AssertionError",
                "message": "The test failed in the call phase due to an assertion error"
            }
        ]
    }
}