Hit:1 http://archive.ubuntu.com/ubuntu noble InRelease
Get:2 http://archive.ubuntu.com/ubuntu noble-updates InRelease [126 kB]
Get:3 http://security.ubuntu.com/ubuntu noble-security InRelease [126 kB]
Get:4 http://archive.ubuntu.com/ubuntu noble-backports InRelease [126 kB]
Get:5 http://archive.ubuntu.com/ubuntu noble-updates/restricted amd64 Packages [3064 kB]
Get:6 http://security.ubuntu.com/ubuntu noble-security/restricted amd64 Packages [2905 kB]
Get:7 http://archive.ubuntu.com/ubuntu noble-updates/main amd64 Packages [2137 kB]
Get:8 http://archive.ubuntu.com/ubuntu noble-updates/universe amd64 Packages [1955 kB]
Get:9 http://archive.ubuntu.com/ubuntu noble-updates/multiverse amd64 Packages [35.9 kB]
Get:10 http://archive.ubuntu.com/ubuntu noble-backports/main amd64 Packages [49.5 kB]
Get:11 http://archive.ubuntu.com/ubuntu noble-backports/universe amd64 Packages [34.6 kB]
Get:12 http://security.ubuntu.com/ubuntu noble-security/main amd64 Packages [1762 kB]
Get:13 http://security.ubuntu.com/ubuntu noble-security/universe amd64 Packages [1188 kB]
Fetched 13.5 MB in 2s (6883 kB/s)
Reading package lists...
Reading package lists...
Building dependency tree...
Reading state information...
gcc is already the newest version (4:13.2.0-7ubuntu1).
The following NEW packages will be installed:
  curl libcurl4t64
0 upgraded, 2 newly installed, 0 to remove and 44 not upgraded.
Need to get 567 kB of archives.
After this operation, 1481 kB of additional disk space will be used.
Get:1 http://archive.ubuntu.com/ubuntu noble-updates/main amd64 libcurl4t64 amd64 8.5.0-2ubuntu10.6 [341 kB]
Get:2 http://archive.ubuntu.com/ubuntu noble-updates/main amd64 curl amd64 8.5.0-2ubuntu10.6 [226 kB]
Fetched 567 kB in 1s (808 kB/s)
Selecting previously unselected package libcurl4t64:amd64.
(Reading database ... (Reading database ... 5%(Reading database ... 10%(Reading database ... 15%(Reading database ... 20%(Reading database ... 25%(Reading database ... 30%(Reading database ... 35%(Reading database ... 40%(Reading database ... 45%(Reading database ... 50%(Reading database ... 55%(Reading database ... 60%(Reading database ... 65%(Reading database ... 70%(Reading database ... 75%(Reading database ... 80%(Reading database ... 85%(Reading database ... 90%(Reading database ... 95%(Reading database ... 100%(Reading database ... 49547 files and directories currently installed.)
Preparing to unpack .../libcurl4t64_8.5.0-2ubuntu10.6_amd64.deb ...
Unpacking libcurl4t64:amd64 (8.5.0-2ubuntu10.6) ...
Selecting previously unselected package curl.
Preparing to unpack .../curl_8.5.0-2ubuntu10.6_amd64.deb ...
Unpacking curl (8.5.0-2ubuntu10.6) ...
Setting up libcurl4t64:amd64 (8.5.0-2ubuntu10.6) ...
Setting up curl (8.5.0-2ubuntu10.6) ...
Processing triggers for libc-bin (2.39-0ubuntu8.6) ...
no checksums to verify
installing to /root/.local/bin
  uv
  uvx
everything's installed!

To add $HOME/.local/bin to your PATH, either restart your shell or run:

    source $HOME/.local/bin/env (sh, bash, zsh)
    source $HOME/.local/bin/env.fish (fish)
============================= test session starts ==============================
platform linux -- Python 3.13.9, pytest-8.4.1, pluggy-1.6.0
rootdir: /tests
plugins: json-ctrf-0.3.5
collected 2 items

../tests/test_outputs.py FF                                              [100%]

=================================== FAILURES ===================================
____________________________ test_extract_js_exists ____________________________

    def test_extract_js_exists():
        """Test that the extract.js file exists"""
        extract_path = Path("/app/extract.js")
>       assert extract_path.exists(), f"File {extract_path} does not exist"
E       AssertionError: File /app/extract.js does not exist
E       assert False
E        +  where False = exists()
E        +    where exists = PosixPath('/app/extract.js').exists

/tests/test_outputs.py:312: AssertionError
________________________ test_output_matches_reference _________________________

    def test_output_matches_reference():
        """Test that the output of extract.js matches the reference solution"""
        # Run the student's script to generate output
    
        # Write a simple C program for testing
        with open("/app/new.c", "w") as f:
            f.write("""#include<stdio.h>
    
    int main(int argc, char** argv) {
      printf("Here are the %d arguments you requested\\n", argc);
      for (int i = 0; i < argc; i++) {
        printf("Argument %d: %s\\n", i, argv[i]);
      }
      return 0;
    }""")
    
        # Compile with full paths
        result = subprocess.run(
            ["gcc", "-o", "/app/new.o", "/app/new.c"], capture_output=True, text=True
        )
        assert result.returncode == 0, f"Compilation failed: {result.stderr}"
    
        # Run extract.js on the compiled binary
        result = subprocess.run(
            ["node", "/app/extract.js", "/app/new.o"],
            stdout=open("/app/out.json", "w"),
            stderr=subprocess.PIPE,
            text=True,
        )
>       assert result.returncode == 0, f"extract.js execution failed: {result.stderr}"
E       AssertionError: extract.js execution failed: node:internal/modules/cjs/loader:1137
E           throw err;
E           ^
E         
E         Error: Cannot find module '/app/extract.js'
E             at Module._resolveFilename (node:internal/modules/cjs/loader:1134:15)
E             at Module._load (node:internal/modules/cjs/loader:975:27)
E             at Function.executeUserEntryPoint [as runMain] (node:internal/modules/run_main:128:12)
E             at node:internal/main/run_main_module:28:49 {
E           code: 'MODULE_NOT_FOUND',
E           requireStack: []
E         }
E         
E         Node.js v18.19.1
E         
E       assert 1 == 0
E        +  where 1 = CompletedProcess(args=['node', '/app/extract.js', '/app/new.o'], returncode=1, stderr="node:internal/modules/cjs/loade... node:internal/main/run_main_module:28:49 {\n  code: 'MODULE_NOT_FOUND',\n  requireStack: []\n}\n\nNode.js v18.19.1\n").returncode

/tests/test_outputs.py:345: AssertionError
=========================== short test summary info ============================
FAILED ../tests/test_outputs.py::test_extract_js_exists - AssertionError: Fil...
FAILED ../tests/test_outputs.py::test_output_matches_reference - AssertionErr...
============================== 2 failed in 0.22s ===============================
