{
    "results": {
        "tool": {
            "name": "pytest",
            "version": "8.4.1"
        },
        "summary": {
            "tests": 6,
            "passed": 5,
            "failed": 1,
            "skipped": 0,
            "pending": 0,
            "other": 0,
            "start": 1768181306.5743692,
            "stop": 1768181306.6192946
        },
        "tests": [
            {
                "name": "test_outputs.py::test_report_file_exists_example",
                "status": "passed",
                "duration": 0.00042319996282458305,
                "start": 1768181306.5865533,
                "stop": 1768181306.587172,
                "retries": 0,
                "file_path": "test_outputs.py"
            },
            {
                "name": "test_outputs.py::test_vul_file",
                "status": "passed",
                "duration": 0.00041284499457105994,
                "start": 1768181306.5873475,
                "stop": 1768181306.5879016,
                "retries": 0,
                "file_path": "test_outputs.py"
            },
            {
                "name": "test_outputs.py::test_cwe_id",
                "status": "failed",
                "raw_status": "call_failed",
                "duration": 0.0005034109926782548,
                "start": 1768181306.5880697,
                "stop": 1768181306.604868,
                "retries": 0,
                "file_path": "test_outputs.py",
                "trace": "def test_cwe_id():\n        \"\"\"Test whether vulnerable code types are successfully identified.\"\"\"\n        report_path = Path(\"/app/report.jsonl\")\n    \n        report = {}\n        with open(report_path, \"r\", encoding=\"utf-8\") as f:\n            for line in f:\n                item = json.loads(line)\n                file_path = item.get(\"file_path\", \"\")\n                cwe_ids = item.get(\"cwe_id\", [])\n                cwe_ids = [str(cwe_id).lower() for cwe_id in cwe_ids]\n    \n                if file_path in report.keys():\n                    report[file_path] = report[file_path] + cwe_ids\n                else:\n                    report[file_path] = cwe_ids\n    \n>       assert \"cwe-93\" in report[\"/app/bottle.py\"], \"'cwe-93' not found in /app/bottle.py\"\nE       AssertionError: 'cwe-93' not found in /app/bottle.py\nE       assert 'cwe-93' in ['cwe-95']\n\n/tests/test_outputs.py:52: AssertionError",
                "message": "The test failed in the call phase due to an assertion error"
            },
            {
                "name": "test_outputs.py::test_hkey_basic_cases",
                "status": "passed",
                "duration": 0.012728108966257423,
                "start": 1768181306.6050434,
                "stop": 1768181306.6179218,
                "retries": 0,
                "file_path": "test_outputs.py"
            },
            {
                "name": "test_outputs.py::test_hkey_error_cases",
                "status": "passed",
                "duration": 0.0003250299487262964,
                "start": 1768181306.618098,
                "stop": 1768181306.6185458,
                "retries": 0,
                "file_path": "test_outputs.py"
            },
            {
                "name": "test_outputs.py::test_hkey_real_world_examples",
                "status": "passed",
                "duration": 0.0003402859438210726,
                "start": 1768181306.6187074,
                "stop": 1768181306.6191647,
                "retries": 0,
                "file_path": "test_outputs.py"
            }
        ]
    }
}