{
    "results": {
        "tool": {
            "name": "pytest",
            "version": "8.3.4"
        },
        "summary": {
            "tests": 6,
            "passed": 2,
            "failed": 4,
            "skipped": 0,
            "pending": 0,
            "other": 0,
            "start": 1768181601.195232,
            "stop": 1768181601.4292276
        },
        "tests": [
            {
                "name": "test_outputs.py::test_rstan_package_installed",
                "status": "failed",
                "raw_status": "call_failed",
                "duration": 0.14284923998638988,
                "start": 1768181601.2636857,
                "stop": 1768181601.4191742,
                "retries": 0,
                "file_path": "test_outputs.py",
                "trace": "def test_rstan_package_installed():\n        \"\"\"Test that RStan package is properly installed.\"\"\"\n        try:\n            result = subprocess.run(\n                [\"R\", \"--slave\", \"-e\", \"library(rstan); packageVersion('rstan')\"],\n                capture_output=True,\n                text=True,\n                timeout=60,\n            )\n    \n>           assert result.returncode == 0, (\n                f\"RStan package is not properly installed. Return code: \"\n                f\"{result.returncode}, stderr: {result.stderr}\"\n            )\nE           AssertionError: RStan package is not properly installed. Return code: 1, stderr: Error in library(rstan) : there is no package called \u2018rstan\u2019\nE             Execution halted\nE             \nE           assert 1 == 0\nE            +  where 1 = CompletedProcess(args=['R', '--slave', '-e', \"library(rstan); packageVersion('rstan')\"], returncode=1, stdout='', stderr='Error in library(rstan) : there is no package called \u2018rstan\u2019\\nExecution halted\\n').returncode\n\ntest_outputs.py:18: AssertionError",
                "message": "The test failed in the call phase due to an assertion error"
            },
            {
                "name": "test_outputs.py::test_hierarchical_model_implemented",
                "status": "failed",
                "raw_status": "call_failed",
                "duration": 0.0005446099676191807,
                "start": 1768181601.4193854,
                "stop": 1768181601.4222498,
                "retries": 0,
                "file_path": "test_outputs.py",
                "trace": "def test_hierarchical_model_implemented():\n        \"\"\"Test that hierarchical Bayesian model structure is implemented\"\"\"\n        stan_model_path = \"/app/hierarchical_model.stan\"\n>       assert os.path.exists(stan_model_path), (\n            f\"Stan model file not found at {stan_model_path}\"\n        )\nE       AssertionError: Stan model file not found at /app/hierarchical_model.stan\nE       assert False\nE        +  where False = <function exists at 0x7e30376a7240>('/app/hierarchical_model.stan')\nE        +    where <function exists at 0x7e30376a7240> = <module 'posixpath' (frozen)>.exists\nE        +      where <module 'posixpath' (frozen)> = os.path\n\ntest_outputs.py:32: AssertionError",
                "message": "The test failed in the call phase due to an assertion error"
            },
            {
                "name": "test_outputs.py::test_r_script_created_and_used_rstan",
                "status": "failed",
                "raw_status": "call_failed",
                "duration": 0.0004095889744348824,
                "start": 1768181601.422416,
                "stop": 1768181601.4250216,
                "retries": 0,
                "file_path": "test_outputs.py",
                "trace": "def test_r_script_created_and_used_rstan():\n        \"\"\"Test that R script 'analysis.R' was created and uses RStan\"\"\"\n        r_script_path = \"/app/analysis.R\"\n>       assert os.path.exists(r_script_path), (\n            f\"R analysis script not found at {r_script_path}\"\n        )\nE       AssertionError: R analysis script not found at /app/analysis.R\nE       assert False\nE        +  where False = <function exists at 0x7e30376a7240>('/app/analysis.R')\nE        +    where <function exists at 0x7e30376a7240> = <module 'posixpath' (frozen)>.exists\nE        +      where <module 'posixpath' (frozen)> = os.path\n\ntest_outputs.py:60: AssertionError",
                "message": "The test failed in the call phase due to an assertion error"
            },
            {
                "name": "test_outputs.py::test_posterior_alpha_estimation",
                "status": "passed",
                "duration": 0.00031825306359678507,
                "start": 1768181601.4251766,
                "stop": 1768181601.4256046,
                "retries": 0,
                "file_path": "test_outputs.py"
            },
            {
                "name": "test_outputs.py::test_posterior_beta_estimation",
                "status": "passed",
                "duration": 0.000313309021294117,
                "start": 1768181601.42575,
                "stop": 1768181601.4261682,
                "retries": 0,
                "file_path": "test_outputs.py"
            },
            {
                "name": "test_outputs.py::test_stan_model_sampling",
                "status": "failed",
                "raw_status": "call_failed",
                "duration": 0.0003464680048637092,
                "start": 1768181601.426308,
                "stop": 1768181601.4290652,
                "retries": 0,
                "file_path": "test_outputs.py",
                "trace": "def test_stan_model_sampling():\n        \"\"\"Test that MCMC sampling runs successfully.\"\"\"\n        # Run analysis.R and capture all output to check\n        # if the stan model sampling runs successfully\n        r_script_path = \"/app/analysis.R\"\n        if not os.path.exists(r_script_path):\n>           assert False, f\"R analysis script not found at {r_script_path}\"\nE           AssertionError: R analysis script not found at /app/analysis.R\nE           assert False\n\ntest_outputs.py:147: AssertionError",
                "message": "The test failed in the call phase due to an assertion error"
            }
        ]
    }
}