Get:1 http://deb.debian.org/debian bookworm InRelease [151 kB]
Get:2 http://deb.debian.org/debian bookworm-updates InRelease [55.4 kB]
Get:3 http://deb.debian.org/debian-security bookworm-security InRelease [48.0 kB]
Get:4 http://deb.debian.org/debian bookworm/main amd64 Packages [8792 kB]
Get:5 http://deb.debian.org/debian bookworm-updates/main amd64 Packages [6924 B]
Get:6 http://deb.debian.org/debian-security bookworm-security/main amd64 Packages [290 kB]
Fetched 9343 kB in 1s (7719 kB/s)
Reading package lists...
Reading package lists...
Building dependency tree...
Reading state information...
The following additional packages will be installed:
  krb5-locales libbrotli1 libcurl4 libgssapi-krb5-2 libk5crypto3 libkeyutils1
  libkrb5-3 libkrb5support0 libldap-2.5-0 libldap-common libnghttp2-14 libpsl5
  librtmp1 libsasl2-2 libsasl2-modules libsasl2-modules-db libssh2-1
  publicsuffix
Suggested packages:
  krb5-doc krb5-user libsasl2-modules-gssapi-mit
  | libsasl2-modules-gssapi-heimdal libsasl2-modules-ldap libsasl2-modules-otp
  libsasl2-modules-sql
The following NEW packages will be installed:
  curl krb5-locales libbrotli1 libcurl4 libgssapi-krb5-2 libk5crypto3
  libkeyutils1 libkrb5-3 libkrb5support0 libldap-2.5-0 libldap-common
  libnghttp2-14 libpsl5 librtmp1 libsasl2-2 libsasl2-modules
  libsasl2-modules-db libssh2-1 publicsuffix
0 upgraded, 19 newly installed, 0 to remove and 28 not upgraded.
Need to get 2493 kB of archives.
After this operation, 6813 kB of additional disk space will be used.
Get:1 http://deb.debian.org/debian bookworm/main amd64 krb5-locales all 1.20.1-2+deb12u4 [63.4 kB]
Get:2 http://deb.debian.org/debian bookworm/main amd64 libbrotli1 amd64 1.0.9-2+b6 [275 kB]
Get:3 http://deb.debian.org/debian bookworm/main amd64 libkrb5support0 amd64 1.20.1-2+deb12u4 [33.2 kB]
Get:4 http://deb.debian.org/debian bookworm/main amd64 libk5crypto3 amd64 1.20.1-2+deb12u4 [79.8 kB]
Get:5 http://deb.debian.org/debian bookworm/main amd64 libkeyutils1 amd64 1.6.3-2 [8808 B]
Get:6 http://deb.debian.org/debian bookworm/main amd64 libkrb5-3 amd64 1.20.1-2+deb12u4 [334 kB]
Get:7 http://deb.debian.org/debian bookworm/main amd64 libgssapi-krb5-2 amd64 1.20.1-2+deb12u4 [135 kB]
Get:8 http://deb.debian.org/debian bookworm/main amd64 libsasl2-modules-db amd64 2.1.28+dfsg-10 [20.3 kB]
Get:9 http://deb.debian.org/debian bookworm/main amd64 libsasl2-2 amd64 2.1.28+dfsg-10 [59.7 kB]
Get:10 http://deb.debian.org/debian bookworm/main amd64 libldap-2.5-0 amd64 2.5.13+dfsg-5 [183 kB]
Get:11 http://deb.debian.org/debian bookworm/main amd64 libnghttp2-14 amd64 1.52.0-1+deb12u2 [73.0 kB]
Get:12 http://deb.debian.org/debian bookworm/main amd64 libpsl5 amd64 0.21.2-1 [58.7 kB]
Get:13 http://deb.debian.org/debian bookworm/main amd64 librtmp1 amd64 2.4+20151223.gitfa8646d.1-2+b2 [60.8 kB]
Get:14 http://deb.debian.org/debian bookworm/main amd64 libssh2-1 amd64 1.10.0-3+b1 [179 kB]
Get:15 http://deb.debian.org/debian bookworm/main amd64 libcurl4 amd64 7.88.1-10+deb12u14 [392 kB]
Get:16 http://deb.debian.org/debian bookworm/main amd64 curl amd64 7.88.1-10+deb12u14 [316 kB]
Get:17 http://deb.debian.org/debian bookworm/main amd64 libldap-common all 2.5.13+dfsg-5 [29.3 kB]
Get:18 http://deb.debian.org/debian bookworm/main amd64 libsasl2-modules amd64 2.1.28+dfsg-10 [66.6 kB]
Get:19 http://deb.debian.org/debian bookworm/main amd64 publicsuffix all 20230209.2326-1 [126 kB]
Fetched 2493 kB in 0s (28.3 MB/s)
Selecting previously unselected package krb5-locales.
(Reading database ... (Reading database ... 5%(Reading database ... 10%(Reading database ... 15%(Reading database ... 20%(Reading database ... 25%(Reading database ... 30%(Reading database ... 35%(Reading database ... 40%(Reading database ... 45%(Reading database ... 50%(Reading database ... 55%(Reading database ... 60%(Reading database ... 65%(Reading database ... 70%(Reading database ... 75%(Reading database ... 80%(Reading database ... 85%(Reading database ... 90%(Reading database ... 95%(Reading database ... 100%(Reading database ... 7936 files and directories currently installed.)
Preparing to unpack .../00-krb5-locales_1.20.1-2+deb12u4_all.deb ...
Unpacking krb5-locales (1.20.1-2+deb12u4) ...
Selecting previously unselected package libbrotli1:amd64.
Preparing to unpack .../01-libbrotli1_1.0.9-2+b6_amd64.deb ...
Unpacking libbrotli1:amd64 (1.0.9-2+b6) ...
Selecting previously unselected package libkrb5support0:amd64.
Preparing to unpack .../02-libkrb5support0_1.20.1-2+deb12u4_amd64.deb ...
Unpacking libkrb5support0:amd64 (1.20.1-2+deb12u4) ...
Selecting previously unselected package libk5crypto3:amd64.
Preparing to unpack .../03-libk5crypto3_1.20.1-2+deb12u4_amd64.deb ...
Unpacking libk5crypto3:amd64 (1.20.1-2+deb12u4) ...
Selecting previously unselected package libkeyutils1:amd64.
Preparing to unpack .../04-libkeyutils1_1.6.3-2_amd64.deb ...
Unpacking libkeyutils1:amd64 (1.6.3-2) ...
Selecting previously unselected package libkrb5-3:amd64.
Preparing to unpack .../05-libkrb5-3_1.20.1-2+deb12u4_amd64.deb ...
Unpacking libkrb5-3:amd64 (1.20.1-2+deb12u4) ...
Selecting previously unselected package libgssapi-krb5-2:amd64.
Preparing to unpack .../06-libgssapi-krb5-2_1.20.1-2+deb12u4_amd64.deb ...
Unpacking libgssapi-krb5-2:amd64 (1.20.1-2+deb12u4) ...
Selecting previously unselected package libsasl2-modules-db:amd64.
Preparing to unpack .../07-libsasl2-modules-db_2.1.28+dfsg-10_amd64.deb ...
Unpacking libsasl2-modules-db:amd64 (2.1.28+dfsg-10) ...
Selecting previously unselected package libsasl2-2:amd64.
Preparing to unpack .../08-libsasl2-2_2.1.28+dfsg-10_amd64.deb ...
Unpacking libsasl2-2:amd64 (2.1.28+dfsg-10) ...
Selecting previously unselected package libldap-2.5-0:amd64.
Preparing to unpack .../09-libldap-2.5-0_2.5.13+dfsg-5_amd64.deb ...
Unpacking libldap-2.5-0:amd64 (2.5.13+dfsg-5) ...
Selecting previously unselected package libnghttp2-14:amd64.
Preparing to unpack .../10-libnghttp2-14_1.52.0-1+deb12u2_amd64.deb ...
Unpacking libnghttp2-14:amd64 (1.52.0-1+deb12u2) ...
Selecting previously unselected package libpsl5:amd64.
Preparing to unpack .../11-libpsl5_0.21.2-1_amd64.deb ...
Unpacking libpsl5:amd64 (0.21.2-1) ...
Selecting previously unselected package librtmp1:amd64.
Preparing to unpack .../12-librtmp1_2.4+20151223.gitfa8646d.1-2+b2_amd64.deb ...
Unpacking librtmp1:amd64 (2.4+20151223.gitfa8646d.1-2+b2) ...
Selecting previously unselected package libssh2-1:amd64.
Preparing to unpack .../13-libssh2-1_1.10.0-3+b1_amd64.deb ...
Unpacking libssh2-1:amd64 (1.10.0-3+b1) ...
Selecting previously unselected package libcurl4:amd64.
Preparing to unpack .../14-libcurl4_7.88.1-10+deb12u14_amd64.deb ...
Unpacking libcurl4:amd64 (7.88.1-10+deb12u14) ...
Selecting previously unselected package curl.
Preparing to unpack .../15-curl_7.88.1-10+deb12u14_amd64.deb ...
Unpacking curl (7.88.1-10+deb12u14) ...
Selecting previously unselected package libldap-common.
Preparing to unpack .../16-libldap-common_2.5.13+dfsg-5_all.deb ...
Unpacking libldap-common (2.5.13+dfsg-5) ...
Selecting previously unselected package libsasl2-modules:amd64.
Preparing to unpack .../17-libsasl2-modules_2.1.28+dfsg-10_amd64.deb ...
Unpacking libsasl2-modules:amd64 (2.1.28+dfsg-10) ...
Selecting previously unselected package publicsuffix.
Preparing to unpack .../18-publicsuffix_20230209.2326-1_all.deb ...
Unpacking publicsuffix (20230209.2326-1) ...
Setting up libkeyutils1:amd64 (1.6.3-2) ...
Setting up libpsl5:amd64 (0.21.2-1) ...
Setting up libbrotli1:amd64 (1.0.9-2+b6) ...
Setting up libsasl2-modules:amd64 (2.1.28+dfsg-10) ...
Setting up libnghttp2-14:amd64 (1.52.0-1+deb12u2) ...
Setting up krb5-locales (1.20.1-2+deb12u4) ...
Setting up libldap-common (2.5.13+dfsg-5) ...
Setting up libkrb5support0:amd64 (1.20.1-2+deb12u4) ...
Setting up libsasl2-modules-db:amd64 (2.1.28+dfsg-10) ...
Setting up librtmp1:amd64 (2.4+20151223.gitfa8646d.1-2+b2) ...
Setting up libk5crypto3:amd64 (1.20.1-2+deb12u4) ...
Setting up libsasl2-2:amd64 (2.1.28+dfsg-10) ...
Setting up libssh2-1:amd64 (1.10.0-3+b1) ...
Setting up libkrb5-3:amd64 (1.20.1-2+deb12u4) ...
Setting up publicsuffix (20230209.2326-1) ...
Setting up libldap-2.5-0:amd64 (2.5.13+dfsg-5) ...
Setting up libgssapi-krb5-2:amd64 (1.20.1-2+deb12u4) ...
Setting up libcurl4:amd64 (7.88.1-10+deb12u14) ...
Setting up curl (7.88.1-10+deb12u14) ...
Processing triggers for libc-bin (2.36-9+deb12u10) ...
no checksums to verify
installing to /root/.local/bin
  uv
  uvx
everything's installed!

To add $HOME/.local/bin to your PATH, either restart your shell or run:

    source $HOME/.local/bin/env (sh, bash, zsh)
    source $HOME/.local/bin/env.fish (fish)
============================= test session starts ==============================
platform linux -- Python 3.13.7, pytest-8.4.1, pluggy-1.6.0
rootdir: /tests
plugins: json-ctrf-0.3.5
collected 5 items

../tests/test_outputs.py ..FF.                                           [100%]

=================================== FAILURES ===================================
_______________________ test_jump_analyzer_example_video _______________________

    def test_jump_analyzer_example_video():
        """Test jump_analyzer.py against example_video.mp4 using explicit frame ranges."""
>       _test_jump_analyzer_video(
            "/app/example_video.mp4",
            takeoff_range=(50, 54),
            landing_range=(62, 64),
        )

/tests/test_outputs.py:95: 
_ _ _ _ _ _ _ _ _ _ _ _ _ _ _ _ _ _ _ _ _ _ _ _ _ _ _ _ _ _ _ _ _ _ _ _ _ _ _ _ 

video_path = '/app/example_video.mp4', takeoff_range = (50, 54)
landing_range = (62, 64)

    def _test_jump_analyzer_video(
        video_path,
        takeoff_range=None,
        landing_range=None,
    ):
        """Helper for running jump_analyzer.py and validating outputs.
    
        Frame validation uses inclusive ranges only: provide (min_frame, max_frame)
        for both takeoff_range and landing_range.
        """
    
        # Check that the video file exists before running the test
        video_file = Path(video_path)
        assert video_file.exists(), f"Video file {video_path} does not exist"
    
        # Run jump_analyzer.py on the specified video
        result = subprocess.run(
            [sys.executable, "/app/jump_analyzer.py", video_path],
            capture_output=True,
            text=True,
            cwd="/app",
        )
    
        assert result.returncode == 0, (
            f"jump_analyzer.py failed with error: {result.stderr}"
        )
    
        # Check that output.toml was created
        output_path = Path("/app/output.toml")
        assert output_path.exists(), "output.toml was not created"
    
        # Parse the TOML output
        try:
            data = toml.load(output_path)
        except Exception as e:
            assert False, f"Failed to parse output.toml: {e}"
    
        # Validate required fields exist
        required_fields = [
            "jump_takeoff_frame_number",
            "jump_land_frame_number",
        ]
        for field in required_fields:
            assert field in data, f"Missing required field: {field}"
    
        # Validate frame numbers using explicit inclusive ranges
        actual_takeoff = data["jump_takeoff_frame_number"]
        actual_landing = data["jump_land_frame_number"]
    
        assert takeoff_range is not None and landing_range is not None, (
            "Both takeoff_range and landing_range provided as inclusive (min, max) tuples"
        )
    
        takeoff_min, takeoff_max = takeoff_range
        landing_min, landing_max = landing_range
    
>       assert takeoff_min <= actual_takeoff <= takeoff_max, (
            f"Takeoff frame {actual_takeoff} not within inclusive range "
            f"[{takeoff_min}, {takeoff_max}]"
        )
E       AssertionError: Takeoff frame 108 not within inclusive range [50, 54]
E       assert 108 <= 54

/tests/test_outputs.py:68: AssertionError
________________________ test_jump_analyzer_test_video _________________________

    def test_jump_analyzer_test_video():
        """Test jump_analyzer.py against test_video.mp4 using explicit frame ranges."""
>       _test_jump_analyzer_video(
            "/tests/test_video.mp4",
            takeoff_range=(219, 223),
            landing_range=(231, 234),
        )

/tests/test_outputs.py:104: 
_ _ _ _ _ _ _ _ _ _ _ _ _ _ _ _ _ _ _ _ _ _ _ _ _ _ _ _ _ _ _ _ _ _ _ _ _ _ _ _ 

video_path = '/tests/test_video.mp4', takeoff_range = (219, 223)
landing_range = (231, 234)

    def _test_jump_analyzer_video(
        video_path,
        takeoff_range=None,
        landing_range=None,
    ):
        """Helper for running jump_analyzer.py and validating outputs.
    
        Frame validation uses inclusive ranges only: provide (min_frame, max_frame)
        for both takeoff_range and landing_range.
        """
    
        # Check that the video file exists before running the test
        video_file = Path(video_path)
        assert video_file.exists(), f"Video file {video_path} does not exist"
    
        # Run jump_analyzer.py on the specified video
        result = subprocess.run(
            [sys.executable, "/app/jump_analyzer.py", video_path],
            capture_output=True,
            text=True,
            cwd="/app",
        )
    
        assert result.returncode == 0, (
            f"jump_analyzer.py failed with error: {result.stderr}"
        )
    
        # Check that output.toml was created
        output_path = Path("/app/output.toml")
        assert output_path.exists(), "output.toml was not created"
    
        # Parse the TOML output
        try:
            data = toml.load(output_path)
        except Exception as e:
            assert False, f"Failed to parse output.toml: {e}"
    
        # Validate required fields exist
        required_fields = [
            "jump_takeoff_frame_number",
            "jump_land_frame_number",
        ]
        for field in required_fields:
            assert field in data, f"Missing required field: {field}"
    
        # Validate frame numbers using explicit inclusive ranges
        actual_takeoff = data["jump_takeoff_frame_number"]
        actual_landing = data["jump_land_frame_number"]
    
        assert takeoff_range is not None and landing_range is not None, (
            "Both takeoff_range and landing_range provided as inclusive (min, max) tuples"
        )
    
        takeoff_min, takeoff_max = takeoff_range
        landing_min, landing_max = landing_range
    
>       assert takeoff_min <= actual_takeoff <= takeoff_max, (
            f"Takeoff frame {actual_takeoff} not within inclusive range "
            f"[{takeoff_min}, {takeoff_max}]"
        )
E       AssertionError: Takeoff frame 0 not within inclusive range [219, 223]
E       assert 219 <= 0

/tests/test_outputs.py:68: AssertionError
==================================== PASSES ====================================
=========================== short test summary info ============================
PASSED ../tests/test_outputs.py::test_example_video_exists
PASSED ../tests/test_outputs.py::test_test_video_exists
PASSED ../tests/test_outputs.py::test_jump_analyzer_imports
FAILED ../tests/test_outputs.py::test_jump_analyzer_example_video - Assertion...
FAILED ../tests/test_outputs.py::test_jump_analyzer_test_video - AssertionErr...
========================= 2 failed, 3 passed in 2.43s ==========================
