{
    "results": {
        "tool": {
            "name": "pytest",
            "version": "8.4.1"
        },
        "summary": {
            "tests": 2,
            "passed": 1,
            "failed": 1,
            "skipped": 0,
            "pending": 0,
            "other": 0,
            "start": 1768175562.0429952,
            "stop": 1768175562.118325
        },
        "tests": [
            {
                "name": "test_outputs.py::test_solution_file",
                "status": "passed",
                "duration": 0.0004429799155332148,
                "start": 1768175562.104869,
                "stop": 1768175562.1055176,
                "retries": 0,
                "file_path": "test_outputs.py"
            },
            {
                "name": "test_outputs.py::test_solution_content",
                "status": "failed",
                "raw_status": "call_failed",
                "duration": 0.0006176800234243274,
                "start": 1768175562.1056912,
                "stop": 1768175562.1181738,
                "retries": 0,
                "file_path": "test_outputs.py",
                "trace": "def test_solution_content():\n        \"\"\"Test that the solution file contains the correct password extracted from the 7z\n        archive.\"\"\"\n        solution_path = Path(\"/app/solution.txt\")\n    \n        with open(solution_path, \"r\") as f:\n            content = f.read().strip()\n    \n>       assert content == \"honeybear\", (\n            f\"Solution file {solution_path} does not contain the expected content.\"\n        )\nE       AssertionError: Solution file /app/solution.txt does not contain the expected content.\nE       assert 'greeneggs' == 'honeybear'\nE         \nE         - honeybear\nE         + greeneggs\n\n/tests/test_outputs.py:25: AssertionError",
                "message": "The test failed in the call phase due to an assertion error"
            }
        ]
    }
}