{
    "results": {
        "tool": {
            "name": "pytest",
            "version": "8.4.1"
        },
        "summary": {
            "tests": 1,
            "passed": 0,
            "failed": 1,
            "skipped": 0,
            "pending": 0,
            "other": 0,
            "start": 1768171909.7208507,
            "stop": 1768171956.6993632
        },
        "tests": [
            {
                "name": "test_outputs.py::test_compress_decompress_workflow",
                "status": "failed",
                "raw_status": "call_failed",
                "duration": 43.75174485705793,
                "start": 1768171912.868038,
                "stop": 1768171956.6990159,
                "retries": 0,
                "file_path": "test_outputs.py",
                "trace": "generate_test_data = {'c4-mini-00000-of-10000.jsonl': '755f90ce91ae322c2643712308e12d120ca079180bf0d5180accfe7342ec2ee3', 'c4-mini-00001-of...3db97db8f138', 'c4-mini-00003-of-10000.jsonl': 'a7e4c98cecbca03fe6bcb719cfa252c6629c613863058da907cda1311f53342b', ...}\n\n    def test_compress_decompress_workflow(generate_test_data):\n        \"\"\"Test the full compress -> decompress workflow is successful.\"\"\"\n        original_hashes = generate_test_data\n    \n        # Part 1: Test compression\n        # Clean up output directory\n        if os.path.exists(TEST_OUTPUT_DIR):\n            shutil.rmtree(TEST_OUTPUT_DIR)\n    \n        # Install dependencies first to avoid snapshot contamination\n        print(\"Installing dependencies with uv sync...\")\n        sync_result = subprocess.run([\"uv\", \"sync\"], capture_output=True, text=True)\n        if sync_result.returncode != 0:\n            print(f\"uv sync failed: {sync_result.stderr}\")\n    \n        # Run the compress script\n        try:\n            print(\n                f\"Running compress script: {COMPRESS_SCRIPT} \"\n                f\"{TEST_INPUT_DIR} {TEST_OUTPUT_DIR}\"\n            )\n            result = subprocess.run(\n                [\"uv\", \"run\", COMPRESS_SCRIPT, TEST_INPUT_DIR, TEST_OUTPUT_DIR],\n                timeout=600,\n                capture_output=True,\n                text=True,\n            )\n            if result.returncode != 0:\n                print(f\"Compress script failed with return code {result.returncode}\")\n                print(f\"stdout: {result.stdout}\")\n                print(f\"stderr: {result.stderr}\")\n>               assert False, f\"Compress script failed: {result.stderr}\"\nE               AssertionError: Compress script failed: warning: No `requires-python` value found in the workspace. Defaulting to `>=3.13`.\nE                    Building reshape-tools @ file:///app\nE                   \u00d7 Failed to build `reshape-tools @ file:///app`\nE                   \u251c\u2500\u25b6 The build backend returned an error\nE                   \u2570\u2500\u25b6 Call to `hatchling.build.build_editable` failed (exit status: 1)\nE                 \nE                       [stderr]\nE                       Traceback (most recent call last):\nE                         File \"<string>\", line 11, in <module>\nE                           wheel_filename =\nE                       backend.build_editable(\"/root/.cache/uv/builds-v0/.tmp7UtIFd\", {}, None)\nE                         File\nE                       \"/root/.cache/uv/builds-v0/.tmpAuVeyE/lib/python3.13/site-packages/hatchling/build.py\",\nE                       line 83, in build_editable\nE                           return os.path.basename(next(builder.build(directory=wheel_directory,\nE                       versions=[\"editable\"])))\nE                       \nE                       ~~~~^^^^^^^^^^^^^^^^^^^^^^^^^^^^^^^^^^^^^^^^^^^^^^^^^^^^^^^^^^^^^^^^^\nE                         File\nE                       \"/root/.cache/uv/builds-v0/.tmpAuVeyE/lib/python3.13/site-packages/hatchling/builders/plugin/interface.py\",\nE                       line 92, in build\nE                           self.metadata.validate_fields()\nE                           ~~~~~~~~~~~~~~~~~~~~~~~~~~~~~^^\nE                         File\nE                       \"/root/.cache/uv/builds-v0/.tmpAuVeyE/lib/python3.13/site-packages/hatchling/metadata/core.py\",\nE                       line 266, in validate_fields\nE                           self.core.validate_fields()\nE                           ~~~~~~~~~~~~~~~~~~~~~~~~~^^\nE                         File\nE                       \"/root/.cache/uv/builds-v0/.tmpAuVeyE/lib/python3.13/site-packages/hatchling/metadata/core.py\",\nE                       line 1366, in validate_fields\nE                           getattr(self, attribute)\nE                           ~~~~~~~^^^^^^^^^^^^^^^^^\nE                         File\nE                       \"/root/.cache/uv/builds-v0/.tmpAuVeyE/lib/python3.13/site-packages/hatchling/metadata/core.py\",\nE                       line 531, in readme\nE                           raise OSError(message)\nE                       OSError: Readme file does not exist: README.md\nE                 \nE                       hint: This usually indicates a problem with the package or the build\nE                       environment.\nE                 \nE               assert False\n\n/tests/test_outputs.py:116: AssertionError",
                "message": "The test failed in the call phase due to an assertion error"
            }
        ]
    }
}