{
    "results": {
        "tool": {
            "name": "pytest",
            "version": "8.4.1"
        },
        "summary": {
            "tests": 5,
            "passed": 4,
            "failed": 1,
            "skipped": 0,
            "pending": 0,
            "other": 0,
            "start": 1768172127.5118535,
            "stop": 1768172127.5972688
        },
        "tests": [
            {
                "name": "test_outputs.py::test_git_repo_init",
                "status": "passed",
                "duration": 0.0004259580164216459,
                "start": 1768172127.577841,
                "stop": 1768172127.578467,
                "retries": 0,
                "file_path": "test_outputs.py"
            },
            {
                "name": "test_outputs.py::test_both_bundles_fetched",
                "status": "passed",
                "duration": 0.0024574550334364176,
                "start": 1768172127.5786383,
                "stop": 1768172127.5812526,
                "retries": 0,
                "file_path": "test_outputs.py"
            },
            {
                "name": "test_outputs.py::test_algo_py_exists",
                "status": "passed",
                "duration": 0.00032340799225494266,
                "start": 1768172127.5814116,
                "stop": 1768172127.5818434,
                "retries": 0,
                "file_path": "test_outputs.py"
            },
            {
                "name": "test_outputs.py::test_algo_py_has_map_function",
                "status": "passed",
                "duration": 0.0008029770106077194,
                "start": 1768172127.5819905,
                "stop": 1768172127.58292,
                "retries": 0,
                "file_path": "test_outputs.py"
            },
            {
                "name": "test_outputs.py::test_algo_map_function_with_test_input",
                "status": "failed",
                "raw_status": "call_failed",
                "duration": 0.0006942679174244404,
                "start": 1768172127.5830781,
                "stop": 1768172127.5971165,
                "retries": 0,
                "file_path": "test_outputs.py",
                "trace": "def test_algo_map_function_with_test_input():\n        \"\"\"Test that the map function works correctly with examples.json\"\"\"\n        algo_path = Path(\"/app/repo/algo.py\")\n        test_path = Path(\"/tests/test.json\")\n    \n        # Import algo module\n        spec = importlib.util.spec_from_file_location(\"algo\", algo_path)\n        algo_module = importlib.util.module_from_spec(spec)\n        sys.modules[\"algo\"] = algo_module\n        spec.loader.exec_module(algo_module)\n    \n        # Load examples\n        with open(test_path, \"r\") as f:\n            examples = json.load(f)\n    \n        # Test each example\n        for i, example in enumerate(examples):\n            input_grid = example[\"input\"]\n            expected = example[\"output\"]\n    \n            actual = algo_module.map(input_grid)\n    \n            assert isinstance(actual, list)\n            assert len(actual) == len(expected)\n    \n            for row_idx, (actual_row, expected_row) in enumerate(zip(actual, expected)):\n                assert isinstance(actual_row, list)\n                assert len(actual_row) == len(expected_row)\n    \n                for col_idx, (a_val, e_val) in enumerate(zip(actual_row, expected_row)):\n>                   assert a_val == e_val, (\n                        f\"Example {i}, position ({row_idx}, {col_idx}): \"\n                        f\"Expected {e_val}, got {a_val}\"\n                    )\nE                   AssertionError: Example 1, position (0, 0): Expected 2, got 8\nE                   assert 8 == 2\n\n/tests/test_outputs.py:82: AssertionError",
                "message": "The test failed in the call phase due to an assertion error"
            }
        ]
    }
}