Get:1 http://deb.debian.org/debian bookworm InRelease [151 kB]
Get:2 http://deb.debian.org/debian bookworm-updates InRelease [55.4 kB]
Get:3 http://deb.debian.org/debian-security bookworm-security InRelease [48.0 kB]
Get:4 http://deb.debian.org/debian bookworm/main amd64 Packages [8792 kB]
Get:5 http://deb.debian.org/debian-security bookworm-security/main amd64 Packages [290 kB]
Fetched 9336 kB in 1s (7031 kB/s)
Reading package lists...
Reading package lists...
Building dependency tree...
Reading state information...
The following additional packages will be installed:
  libcurl4 libldap-2.5-0 libldap-common libnghttp2-14 libpsl5 librtmp1
  libsasl2-2 libsasl2-modules libsasl2-modules-db libssh2-1 publicsuffix
Suggested packages:
  libsasl2-modules-gssapi-mit | libsasl2-modules-gssapi-heimdal
  libsasl2-modules-ldap libsasl2-modules-otp libsasl2-modules-sql
The following NEW packages will be installed:
  curl libcurl4 libldap-2.5-0 libldap-common libnghttp2-14 libpsl5 librtmp1
  libsasl2-2 libsasl2-modules libsasl2-modules-db libssh2-1 publicsuffix
0 upgraded, 12 newly installed, 0 to remove and 39 not upgraded.
Need to get 1564 kB of archives.
After this operation, 3748 kB of additional disk space will be used.
Get:1 http://deb.debian.org/debian bookworm/main amd64 libsasl2-modules-db amd64 2.1.28+dfsg-10 [20.3 kB]
Get:2 http://deb.debian.org/debian bookworm/main amd64 libsasl2-2 amd64 2.1.28+dfsg-10 [59.7 kB]
Get:3 http://deb.debian.org/debian bookworm/main amd64 libldap-2.5-0 amd64 2.5.13+dfsg-5 [183 kB]
Get:4 http://deb.debian.org/debian bookworm/main amd64 libnghttp2-14 amd64 1.52.0-1+deb12u2 [73.0 kB]
Get:5 http://deb.debian.org/debian bookworm/main amd64 libpsl5 amd64 0.21.2-1 [58.7 kB]
Get:6 http://deb.debian.org/debian bookworm/main amd64 librtmp1 amd64 2.4+20151223.gitfa8646d.1-2+b2 [60.8 kB]
Get:7 http://deb.debian.org/debian bookworm/main amd64 libssh2-1 amd64 1.10.0-3+b1 [179 kB]
Get:8 http://deb.debian.org/debian bookworm/main amd64 libcurl4 amd64 7.88.1-10+deb12u14 [392 kB]
Get:9 http://deb.debian.org/debian bookworm/main amd64 curl amd64 7.88.1-10+deb12u14 [316 kB]
Get:10 http://deb.debian.org/debian bookworm/main amd64 libldap-common all 2.5.13+dfsg-5 [29.3 kB]
Get:11 http://deb.debian.org/debian bookworm/main amd64 libsasl2-modules amd64 2.1.28+dfsg-10 [66.6 kB]
Get:12 http://deb.debian.org/debian bookworm/main amd64 publicsuffix all 20230209.2326-1 [126 kB]
Fetched 1564 kB in 0s (15.5 MB/s)
Selecting previously unselected package libsasl2-modules-db:amd64.
(Reading database ... (Reading database ... 5%(Reading database ... 10%(Reading database ... 15%(Reading database ... 20%(Reading database ... 25%(Reading database ... 30%(Reading database ... 35%(Reading database ... 40%(Reading database ... 45%(Reading database ... 50%(Reading database ... 55%(Reading database ... 60%(Reading database ... 65%(Reading database ... 70%(Reading database ... 75%(Reading database ... 80%(Reading database ... 85%(Reading database ... 90%(Reading database ... 95%(Reading database ... 100%(Reading database ... 12708 files and directories currently installed.)
Preparing to unpack .../00-libsasl2-modules-db_2.1.28+dfsg-10_amd64.deb ...
Unpacking libsasl2-modules-db:amd64 (2.1.28+dfsg-10) ...
Selecting previously unselected package libsasl2-2:amd64.
Preparing to unpack .../01-libsasl2-2_2.1.28+dfsg-10_amd64.deb ...
Unpacking libsasl2-2:amd64 (2.1.28+dfsg-10) ...
Selecting previously unselected package libldap-2.5-0:amd64.
Preparing to unpack .../02-libldap-2.5-0_2.5.13+dfsg-5_amd64.deb ...
Unpacking libldap-2.5-0:amd64 (2.5.13+dfsg-5) ...
Selecting previously unselected package libnghttp2-14:amd64.
Preparing to unpack .../03-libnghttp2-14_1.52.0-1+deb12u2_amd64.deb ...
Unpacking libnghttp2-14:amd64 (1.52.0-1+deb12u2) ...
Selecting previously unselected package libpsl5:amd64.
Preparing to unpack .../04-libpsl5_0.21.2-1_amd64.deb ...
Unpacking libpsl5:amd64 (0.21.2-1) ...
Selecting previously unselected package librtmp1:amd64.
Preparing to unpack .../05-librtmp1_2.4+20151223.gitfa8646d.1-2+b2_amd64.deb ...
Unpacking librtmp1:amd64 (2.4+20151223.gitfa8646d.1-2+b2) ...
Selecting previously unselected package libssh2-1:amd64.
Preparing to unpack .../06-libssh2-1_1.10.0-3+b1_amd64.deb ...
Unpacking libssh2-1:amd64 (1.10.0-3+b1) ...
Selecting previously unselected package libcurl4:amd64.
Preparing to unpack .../07-libcurl4_7.88.1-10+deb12u14_amd64.deb ...
Unpacking libcurl4:amd64 (7.88.1-10+deb12u14) ...
Selecting previously unselected package curl.
Preparing to unpack .../08-curl_7.88.1-10+deb12u14_amd64.deb ...
Unpacking curl (7.88.1-10+deb12u14) ...
Selecting previously unselected package libldap-common.
Preparing to unpack .../09-libldap-common_2.5.13+dfsg-5_all.deb ...
Unpacking libldap-common (2.5.13+dfsg-5) ...
Selecting previously unselected package libsasl2-modules:amd64.
Preparing to unpack .../10-libsasl2-modules_2.1.28+dfsg-10_amd64.deb ...
Unpacking libsasl2-modules:amd64 (2.1.28+dfsg-10) ...
Selecting previously unselected package publicsuffix.
Preparing to unpack .../11-publicsuffix_20230209.2326-1_all.deb ...
Unpacking publicsuffix (20230209.2326-1) ...
Setting up libpsl5:amd64 (0.21.2-1) ...
Setting up libsasl2-modules:amd64 (2.1.28+dfsg-10) ...
Setting up libnghttp2-14:amd64 (1.52.0-1+deb12u2) ...
Setting up libldap-common (2.5.13+dfsg-5) ...
Setting up libsasl2-modules-db:amd64 (2.1.28+dfsg-10) ...
Setting up librtmp1:amd64 (2.4+20151223.gitfa8646d.1-2+b2) ...
Setting up libsasl2-2:amd64 (2.1.28+dfsg-10) ...
Setting up libssh2-1:amd64 (1.10.0-3+b1) ...
Setting up publicsuffix (20230209.2326-1) ...
Setting up libldap-2.5-0:amd64 (2.5.13+dfsg-5) ...
Setting up libcurl4:amd64 (7.88.1-10+deb12u14) ...
Setting up curl (7.88.1-10+deb12u14) ...
Processing triggers for libc-bin (2.36-9+deb12u10) ...
no checksums to verify
installing to /root/.local/bin
  uv
  uvx
everything's installed!

To add $HOME/.local/bin to your PATH, either restart your shell or run:

    source $HOME/.local/bin/env (sh, bash, zsh)
    source $HOME/.local/bin/env.fish (fish)
============================= test session starts ==============================
platform linux -- Python 3.13.7, pytest-8.4.1, pluggy-1.6.0
rootdir: /tests
plugins: json-ctrf-0.3.5
collected 3 items

../tests/test_outputs.py F.F                                             [100%]

=================================== FAILURES ===================================
__________________________ test_required_files_exist ___________________________

    def test_required_files_exist():
        """Test that all required Python files exist"""
        required_files = [
            "/app/program.py",
        ]
    
        for file_path in required_files:
>           assert Path(file_path).exists(), f"Required file {file_path} does not exist"
E           AssertionError: Required file /app/program.py does not exist
E           assert False
E            +  where False = exists()
E            +    where exists = PosixPath('/app/program.py').exists
E            +      where PosixPath('/app/program.py') = Path('/app/program.py')

/tests/test_outputs.py:18: AssertionError
_____________________________ test_program_output ______________________________

    def test_program_output():
        """Test that the program produces the expected output and file contents"""
        initial_accounts = (
            "U001John Doe            0000001000U002Jane Smith"
            "          0000002000U003Bob Wilson          0000001500"
        )
    
        initial_books = (
            "B001Python Basics       U001B002COBOL Guide         "
            "U002B003Java Tutorial       U003"
        )
    
        initial_transactions = ""
    
        data_dir = Path("/app/data")
    
        (data_dir / "ACCOUNTS.DAT").write_text(initial_accounts)
        (data_dir / "BOOKS.DAT").write_text(initial_books)
        (data_dir / "TRANSACTIONS.DAT").write_text(initial_transactions)
    
        Path("/app/src/INPUT.DAT").write_text("U001U003B0030000000020")
        result = subprocess.run(
            ["python", "/app/program.py"], capture_output=True, text=True
        )
>       assert result.returncode == 0, "Command failed"
E       AssertionError: Command failed
E       assert 2 == 0
E        +  where 2 = CompletedProcess(args=['python', '/app/program.py'], returncode=2, stdout='', stderr="python: can't open file '/app/program.py': [Errno 2] No such file or directory\n").returncode

/tests/test_outputs.py:58: AssertionError
==================================== PASSES ====================================
=========================== short test summary info ============================
PASSED ../tests/test_outputs.py::test_data_files_exist
FAILED ../tests/test_outputs.py::test_required_files_exist - AssertionError: ...
FAILED ../tests/test_outputs.py::test_program_output - AssertionError: Comman...
========================= 2 failed, 1 passed in 0.14s ==========================
