{
    "results": {
        "tool": {
            "name": "pytest",
            "version": "8.4.1"
        },
        "summary": {
            "tests": 2,
            "passed": 1,
            "failed": 1,
            "skipped": 0,
            "pending": 0,
            "other": 0,
            "start": 1768186456.5828767,
            "stop": 1768186456.657483
        },
        "tests": [
            {
                "name": "test_outputs.py::test_recovery_file_exists",
                "status": "passed",
                "duration": 0.0004203679854981601,
                "start": 1768186456.6441042,
                "stop": 1768186456.644712,
                "retries": 0,
                "file_path": "test_outputs.py"
            },
            {
                "name": "test_outputs.py::test_password_match",
                "status": "failed",
                "raw_status": "call_failed",
                "duration": 0.0005234380369074643,
                "start": 1768186456.644901,
                "stop": 1768186456.6573417,
                "retries": 0,
                "file_path": "test_outputs.py",
                "trace": "def test_password_match():\n        guesses = Path(\"/app/recovered_passwords.txt\").read_text().strip().split(\"\\n\")\n    \n        assert len(guesses) > 0, \"No guesses found\"\n    \n>       assert \"8XDP5Q2RT9ZK7VB3BV4WW54\" in guesses, \"Password not found\"\nE       AssertionError: Password not found\nE       assert '8XDP5Q2RT9ZK7VB3BV4WW54' in ['PASSWORD=8XDP5Q2RT9Z']\n\n/tests/test_outputs.py:18: AssertionError",
                "message": "The test failed in the call phase due to an assertion error"
            }
        ]
    }
}