Get:1 http://security.ubuntu.com/ubuntu noble-security InRelease [126 kB]
Get:2 http://archive.ubuntu.com/ubuntu noble InRelease [256 kB]
Get:3 http://security.ubuntu.com/ubuntu noble-security/universe amd64 Packages [1188 kB]
Get:4 http://security.ubuntu.com/ubuntu noble-security/multiverse amd64 Packages [33.1 kB]
Get:5 http://security.ubuntu.com/ubuntu noble-security/main amd64 Packages [1762 kB]
Get:6 http://archive.ubuntu.com/ubuntu noble-updates InRelease [126 kB]
Get:7 http://security.ubuntu.com/ubuntu noble-security/restricted amd64 Packages [2905 kB]
Get:8 http://archive.ubuntu.com/ubuntu noble-backports InRelease [126 kB]
Get:9 http://archive.ubuntu.com/ubuntu noble/main amd64 Packages [1808 kB]
Get:10 http://archive.ubuntu.com/ubuntu noble/multiverse amd64 Packages [331 kB]
Get:11 http://archive.ubuntu.com/ubuntu noble/restricted amd64 Packages [117 kB]
Get:12 http://archive.ubuntu.com/ubuntu noble/universe amd64 Packages [19.3 MB]
Get:13 http://archive.ubuntu.com/ubuntu noble-updates/main amd64 Packages [2137 kB]
Get:14 http://archive.ubuntu.com/ubuntu noble-updates/restricted amd64 Packages [3064 kB]
Get:15 http://archive.ubuntu.com/ubuntu noble-updates/universe amd64 Packages [1955 kB]
Get:16 http://archive.ubuntu.com/ubuntu noble-updates/multiverse amd64 Packages [35.9 kB]
Get:17 http://archive.ubuntu.com/ubuntu noble-backports/universe amd64 Packages [34.6 kB]
Get:18 http://archive.ubuntu.com/ubuntu noble-backports/main amd64 Packages [49.5 kB]
Fetched 35.4 MB in 4s (9448 kB/s)
Reading package lists...
Reading package lists...
Building dependency tree...
Reading state information...
The following NEW packages will be installed:
  curl
0 upgraded, 1 newly installed, 0 to remove and 19 not upgraded.
Need to get 226 kB of archives.
After this operation, 534 kB of additional disk space will be used.
Get:1 http://archive.ubuntu.com/ubuntu noble-updates/main amd64 curl amd64 8.5.0-2ubuntu10.6 [226 kB]
Fetched 226 kB in 1s (447 kB/s)
Selecting previously unselected package curl.
(Reading database ... (Reading database ... 5%(Reading database ... 10%(Reading database ... 15%(Reading database ... 20%(Reading database ... 25%(Reading database ... 30%(Reading database ... 35%(Reading database ... 40%(Reading database ... 45%(Reading database ... 50%(Reading database ... 55%(Reading database ... 60%(Reading database ... 65%(Reading database ... 70%(Reading database ... 75%(Reading database ... 80%(Reading database ... 85%(Reading database ... 90%(Reading database ... 95%(Reading database ... 100%(Reading database ... 8431 files and directories currently installed.)
Preparing to unpack .../curl_8.5.0-2ubuntu10.6_amd64.deb ...
Unpacking curl (8.5.0-2ubuntu10.6) ...
Setting up curl (8.5.0-2ubuntu10.6) ...
no checksums to verify
installing to /root/.local/bin
  uv
  uvx
everything's installed!

To add $HOME/.local/bin to your PATH, either restart your shell or run:

    source $HOME/.local/bin/env (sh, bash, zsh)
    source $HOME/.local/bin/env.fish (fish)
============================= test session starts ==============================
platform linux -- Python 3.13.9, pytest-8.4.1, pluggy-1.6.0
rootdir: /tests
plugins: json-ctrf-0.3.5
collected 2 items

../tests/test_outputs.py .F                                              [100%]

=================================== FAILURES ===================================
_____________________________ test_password_match ______________________________

    def test_password_match():
        guesses = Path("/app/recovered_passwords.txt").read_text().strip().split("\n")
    
        assert len(guesses) > 0, "No guesses found"
    
>       assert "8XDP5Q2RT9ZK7VB3BV4WW54" in guesses, "Password not found"
E       AssertionError: Password not found
E       assert '8XDP5Q2RT9ZK7VB3BV4WW54' in ['PASSWORD=8XDP5Q2RT9Z']

/tests/test_outputs.py:18: AssertionError
==================================== PASSES ====================================
=========================== short test summary info ============================
PASSED ../tests/test_outputs.py::test_recovery_file_exists
FAILED ../tests/test_outputs.py::test_password_match - AssertionError: Passwo...
========================= 1 failed, 1 passed in 0.07s ==========================
