{
    "results": {
        "tool": {
            "name": "pytest",
            "version": "8.4.1"
        },
        "summary": {
            "tests": 11,
            "passed": 9,
            "failed": 2,
            "skipped": 0,
            "pending": 0,
            "other": 0,
            "start": 1768182996.9622374,
            "stop": 1768183000.447458
        },
        "tests": [
            {
                "name": "test_outputs.py::test_numpy_version",
                "status": "passed",
                "duration": 0.255688315955922,
                "start": 1768182996.9904323,
                "stop": 1768182997.2464087,
                "retries": 0,
                "file_path": "test_outputs.py"
            },
            {
                "name": "test_outputs.py::test_repo_cloned",
                "status": "passed",
                "duration": 0.0004740350996144116,
                "start": 1768182997.246668,
                "stop": 1768182997.2473013,
                "retries": 0,
                "file_path": "test_outputs.py"
            },
            {
                "name": "test_outputs.py::test_pyknotid_core_import",
                "status": "passed",
                "duration": 0.0005071089253760874,
                "start": 1768182997.247487,
                "stop": 1768182997.2481325,
                "retries": 0,
                "file_path": "test_outputs.py"
            },
            {
                "name": "test_outputs.py::test_chelpers_cython_extension",
                "status": "passed",
                "duration": 0.36464259296189994,
                "start": 1768182997.2483082,
                "stop": 1768182997.613207,
                "retries": 0,
                "file_path": "test_outputs.py"
            },
            {
                "name": "test_outputs.py::test_ccomplexity_cython_extension",
                "status": "passed",
                "duration": 0.0005339099443517625,
                "start": 1768182997.6134942,
                "stop": 1768182997.6141932,
                "retries": 0,
                "file_path": "test_outputs.py"
            },
            {
                "name": "test_outputs.py::test_cinvariants_cython_extension",
                "status": "passed",
                "duration": 0.00042757700430229306,
                "start": 1768182997.6143925,
                "stop": 1768182997.6149762,
                "retries": 0,
                "file_path": "test_outputs.py"
            },
            {
                "name": "test_outputs.py::test_chelpers",
                "status": "passed",
                "duration": 0.0003379058907739818,
                "start": 1768182997.6151497,
                "stop": 1768182997.6156123,
                "retries": 0,
                "file_path": "test_outputs.py"
            },
            {
                "name": "test_outputs.py::test_ccomplexity",
                "status": "failed",
                "raw_status": "call_failed",
                "duration": 0.0009699519723653793,
                "start": 1768182997.6157813,
                "stop": 1768182997.6670907,
                "retries": 0,
                "file_path": "test_outputs.py",
                "trace": "def test_ccomplexity():\n        \"\"\"Test ccomplexity module on computing writhe.\"\"\"\n        import numpy as np\n        import pyknotid.spacecurves.ccomplexity as cc\n    \n        # just a simple square\n        points = np.array(\n            [[0.0, 0.0, 0.0], [1.0, 0.0, 0.0], [1.0, 1.0, 0.0], [0.0, 1.0, 0.0]],\n            dtype=np.float64,\n        )\n        contributions = np.zeros((4, 4), dtype=np.float64)\n        order = np.array([0, 1, 2, 3], dtype=np.int64)\n>       result = cc.cython_higher_order_writhe(points, contributions, order)\n                 ^^^^^^^^^^^^^^^^^^^^^^^^^^^^^^^^^^^^^^^^^^^^^^^^^^^^^^^^^^^\n\n/tests/test_outputs.py:106: \n_ _ _ _ _ _ _ _ _ _ _ _ _ _ _ _ _ _ _ _ _ _ _ _ _ _ _ _ _ _ _ _ _ _ _ _ _ _ _ _ \npyknotid/spacecurves/ccomplexity.pyx:11: in pyknotid.spacecurves.ccomplexity.cython_higher_order_writhe\n    ???\npyknotid/spacecurves/ccomplexity.pyx:16: in pyknotid.spacecurves.ccomplexity.cython_higher_order_writhe\n    ???\n_ _ _ _ _ _ _ _ _ _ _ _ _ _ _ _ _ _ _ _ _ _ _ _ _ _ _ _ _ _ _ _ _ _ _ _ _ _ _ _ \n\nattr = 'int'\n\n    def __getattr__(attr):\n        # Warn for expired attributes\n        import warnings\n    \n        if attr == \"linalg\":\n            import numpy.linalg as linalg\n            return linalg\n        elif attr == \"fft\":\n            import numpy.fft as fft\n            return fft\n        elif attr == \"dtypes\":\n            import numpy.dtypes as dtypes\n            return dtypes\n        elif attr == \"random\":\n            import numpy.random as random\n            return random\n        elif attr == \"polynomial\":\n            import numpy.polynomial as polynomial\n            return polynomial\n        elif attr == \"ma\":\n            import numpy.ma as ma\n            return ma\n        elif attr == \"ctypeslib\":\n            import numpy.ctypeslib as ctypeslib\n            return ctypeslib\n        elif attr == \"exceptions\":\n            import numpy.exceptions as exceptions\n            return exceptions\n        elif attr == \"testing\":\n            import numpy.testing as testing\n            return testing\n        elif attr == \"matlib\":\n            import numpy.matlib as matlib\n            return matlib\n        elif attr == \"f2py\":\n            import numpy.f2py as f2py\n            return f2py\n        elif attr == \"typing\":\n            import numpy.typing as typing\n            return typing\n        elif attr == \"rec\":\n            import numpy.rec as rec\n            return rec\n        elif attr == \"char\":\n            import numpy.char as char\n            return char\n        elif attr == \"array_api\":\n            raise AttributeError(\"`numpy.array_api` is not available from \"\n                                 \"numpy 2.0 onwards\", name=None)\n        elif attr == \"core\":\n            import numpy.core as core\n            return core\n        elif attr == \"strings\":\n            import numpy.strings as strings\n            return strings\n        elif attr == \"distutils\":\n            if 'distutils' in __numpy_submodules__:\n                import numpy.distutils as distutils\n                return distutils\n            else:\n                raise AttributeError(\"`numpy.distutils` is not available from \"\n                                     \"Python 3.12 onwards\", name=None)\n    \n        if attr in __future_scalars__:\n            # And future warnings for those that will change, but also give\n            # the AttributeError\n            warnings.warn(\n                f\"In the future `np.{attr}` will be defined as the \"\n                \"corresponding NumPy scalar.\", FutureWarning, stacklevel=2)\n    \n        if attr in __former_attrs__:\n>           raise AttributeError(__former_attrs__[attr], name=None)\nE           AttributeError: module 'numpy' has no attribute 'int'.\nE           `np.int` was a deprecated alias for the builtin `int`. To avoid this error in existing code, use `int` by itself. Doing this will not modify any behavior and is safe. When replacing `np.int`, you may wish to use e.g. `np.int64` or `np.int32` to specify the precision. If you wish to review your current use, check the release note link for additional information.\nE           The aliases was originally deprecated in NumPy 1.20; for more details and guidance see the original release note at:\nE               https://numpy.org/devdocs/release/1.20.0-notes.html#deprecations\n\n/usr/local/lib/python3.13/site-packages/numpy/__init__.py:778: AttributeError",
                "message": "The test failed in the call phase"
            },
            {
                "name": "test_outputs.py::test_cinvariants_python_vs_cython",
                "status": "passed",
                "duration": 0.0023058460210449994,
                "start": 1768182997.6672988,
                "stop": 1768182997.669762,
                "retries": 0,
                "file_path": "test_outputs.py"
            },
            {
                "name": "test_outputs.py::test_example_usage",
                "status": "passed",
                "duration": 0.003021767013706267,
                "start": 1768182997.6699708,
                "stop": 1768182997.6731508,
                "retries": 0,
                "file_path": "test_outputs.py"
            },
            {
                "name": "test_outputs.py::test_pyknotid_repository_tests",
                "status": "failed",
                "raw_status": "call_failed",
                "duration": 2.769580182968639,
                "start": 1768182997.6733718,
                "stop": 1768183000.4472132,
                "retries": 0,
                "file_path": "test_outputs.py",
                "trace": "def test_pyknotid_repository_tests():\n        \"\"\"Download and run the original pyknotid test suite.\"\"\"\n        with tempfile.TemporaryDirectory() as temp_dir:\n            git_cmd = [\n                \"git\",\n                \"clone\",\n                \"--depth\",\n                \"1\",\n                \"--branch\",\n                \"0.5.3\",\n                \"https://github.com/SPOCKnots/pyknotid.git\",\n                temp_dir,\n            ]\n            result = subprocess.run(git_cmd, capture_output=True, text=True)\n            tests_dir = os.path.join(temp_dir, \"tests\")\n    \n            # Run pytest excluding the problematic test files\n            pytest_cmd = [\n                \"python\",\n                \"-m\",\n                \"pytest\",\n                tests_dir,\n                \"--ignore\",\n                os.path.join(tests_dir, \"test_random_curves.py\"),\n                \"--ignore\",\n                os.path.join(tests_dir, \"test_catalogue.py\"),\n                \"-v\",\n            ]\n    \n            original_cwd = os.getcwd()\n            try:\n                os.chdir(\"/app/pyknotid\")\n                result = subprocess.run(pytest_cmd, capture_output=True, text=True)\n>               assert result.returncode == 0, (\n                    f\"Repository tests failed with return code {result.returncode}\"\n                )\nE               AssertionError: Repository tests failed with return code 1\nE               assert 1 == 0\nE                +  where 1 = CompletedProcess(args=['python', '-m', 'pytest', '/tmp/tmpxvth4cm7/tests', '--ignore', '/tmp/tmpxvth4cm7/tests/test_ra...onstructed_space_curve\\n========================= 1 failed, 17 passed in 1.96s =========================\\n\", stderr='').returncode\n\n/tests/test_outputs.py:173: AssertionError",
                "message": "The test failed in the call phase due to an assertion error"
            }
        ]
    }
}