{
    "results": {
        "tool": {
            "name": "pytest",
            "version": "8.4.1"
        },
        "summary": {
            "tests": 2,
            "passed": 1,
            "failed": 1,
            "skipped": 0,
            "pending": 0,
            "other": 0,
            "start": 1768175968.8410702,
            "stop": 1768175968.9305508
        },
        "tests": [
            {
                "name": "test_outputs.py::test_about_file",
                "status": "failed",
                "raw_status": "call_failed",
                "duration": 0.000929913017898798,
                "start": 1768175968.9154615,
                "stop": 1768175968.92956,
                "retries": 0,
                "file_path": "test_outputs.py",
                "trace": "def test_about_file():\n        \"\"\"\n        Test that the about file content is correct\n        \"\"\"\n        ABOUT_FILE_PATH_OLD = \"/app/resources/patch_files/about.md\"\n        ABOUT_FILE_PATH_NEW = \"/app/personal-site/_includes/about.md\"\n>       compare_file_hashes(ABOUT_FILE_PATH_OLD, ABOUT_FILE_PATH_NEW)\n\n/tests/test_outputs.py:30: \n_ _ _ _ _ _ _ _ _ _ _ _ _ _ _ _ _ _ _ _ _ _ _ _ _ _ _ _ _ _ _ _ _ _ _ _ _ _ _ _ \n\npath_a = '/app/resources/patch_files/about.md'\npath_b = '/app/personal-site/_includes/about.md'\n\n    def compare_file_hashes(path_a, path_b):\n>       assert hash_file(path_a) == hash_file(path_b), (\n            f\"File {path_a} is not in the correct state\"\n        )\nE       AssertionError: File /app/resources/patch_files/about.md is not in the correct state\nE       assert '0273104059c6...67b8847b22946' == 'e60be67decd7...08351b693c7b4'\nE         \nE         - e60be67decd7b9a275408351b693c7b4\nE         + 0273104059c6bf524e767b8847b22946\n\n/tests/test_outputs.py:19: AssertionError",
                "message": "The test failed in the call phase due to an assertion error"
            },
            {
                "name": "test_outputs.py::test_layout_file",
                "status": "passed",
                "duration": 0.00047932198503986,
                "start": 1768175968.929771,
                "stop": 1768175968.9303966,
                "retries": 0,
                "file_path": "test_outputs.py"
            }
        ]
    }
}