{
    "results": {
        "tool": {
            "name": "pytest",
            "version": "8.4.1"
        },
        "summary": {
            "tests": 3,
            "passed": 0,
            "failed": 3,
            "skipped": 0,
            "pending": 0,
            "other": 0,
            "start": 1768185269.1410327,
            "stop": 1768185269.3574305
        },
        "tests": [
            {
                "name": "test_outputs.py::test_compressed_file_exists",
                "status": "failed",
                "raw_status": "call_failed",
                "duration": 0.050833972985856235,
                "start": 1768185269.202695,
                "stop": 1768185269.265715,
                "retries": 0,
                "file_path": "test_outputs.py",
                "trace": "def test_compressed_file_exists():\n        \"\"\"Test that the compressed file was created.\"\"\"\n        setup()\n        compressed_path = Path(\"/app/data.comp\")\n>       assert compressed_path.exists(), f\"File {compressed_path} does not exist\"\nE       AssertionError: File /app/data.comp does not exist\nE       assert False\nE        +  where False = exists()\nE        +    where exists = PosixPath('/app/data.comp').exists\n\n/tests/test_outputs.py:22: AssertionError",
                "message": "The test failed in the call phase due to an assertion error"
            },
            {
                "name": "test_outputs.py::test_decompression_produces_original",
                "status": "failed",
                "raw_status": "call_failed",
                "duration": 0.04455503897042945,
                "start": 1768185269.2659407,
                "stop": 1768185269.3122063,
                "retries": 0,
                "file_path": "test_outputs.py",
                "trace": "def test_decompression_produces_original():\n        \"\"\"Test that decompressing the compressed file produces the file content.\"\"\"\n        setup()\n        # Paths\n        compressed_path = Path(\"/app/data.comp\")\n        decompressor_path = Path(\"/app/decomp2\")\n        original_path = Path(\"/app/data.txt\")\n    \n        # Check that all required files exist\n>       assert compressed_path.exists(), f\"Compressed file {compressed_path} does not exist\"\nE       AssertionError: Compressed file /app/data.comp does not exist\nE       assert False\nE        +  where False = exists()\nE        +    where exists = PosixPath('/app/data.comp').exists\n\n/tests/test_outputs.py:34: AssertionError",
                "message": "The test failed in the call phase due to an assertion error"
            },
            {
                "name": "test_outputs.py::test_compression_size",
                "status": "failed",
                "raw_status": "call_failed",
                "duration": 0.04331316705793142,
                "start": 1768185269.3123727,
                "stop": 1768185269.3572793,
                "retries": 0,
                "file_path": "test_outputs.py",
                "trace": "def test_compression_size():\n        \"\"\"Test that the compressed file size meets requirements.\"\"\"\n        setup()\n        max_size_bytes = 2500  # As specified in task.yaml\n    \n        compressed_path = Path(\"/app/data.comp\")\n>       assert compressed_path.exists(), f\"Compressed file {compressed_path} does not exist\"\nE       AssertionError: Compressed file /app/data.comp does not exist\nE       assert False\nE        +  where False = exists()\nE        +    where exists = PosixPath('/app/data.comp').exists\n\n/tests/test_outputs.py:66: AssertionError",
                "message": "The test failed in the call phase due to an assertion error"
            }
        ]
    }
}