Get:1 http://deb.debian.org/debian bookworm InRelease [151 kB]
Get:2 http://deb.debian.org/debian bookworm-updates InRelease [55.4 kB]
Get:3 http://deb.debian.org/debian-security bookworm-security InRelease [48.0 kB]
Get:4 http://deb.debian.org/debian bookworm/main amd64 Packages [8792 kB]
Get:5 http://deb.debian.org/debian-security bookworm-security/main amd64 Packages [290 kB]
Fetched 9336 kB in 2s (5999 kB/s)
Reading package lists...
Reading package lists...
Building dependency tree...
Reading state information...
The following additional packages will be installed:
  libcurl4 libldap-2.5-0 libldap-common libnghttp2-14 libpsl5 librtmp1
  libsasl2-2 libsasl2-modules libsasl2-modules-db libssh2-1 publicsuffix
Suggested packages:
  libsasl2-modules-gssapi-mit | libsasl2-modules-gssapi-heimdal
  libsasl2-modules-ldap libsasl2-modules-otp libsasl2-modules-sql
The following NEW packages will be installed:
  curl libcurl4 libldap-2.5-0 libldap-common libnghttp2-14 libpsl5 librtmp1
  libsasl2-2 libsasl2-modules libsasl2-modules-db libssh2-1 publicsuffix
0 upgraded, 12 newly installed, 0 to remove and 26 not upgraded.
Need to get 1564 kB of archives.
After this operation, 3748 kB of additional disk space will be used.
Get:1 http://deb.debian.org/debian bookworm/main amd64 libsasl2-modules-db amd64 2.1.28+dfsg-10 [20.3 kB]
Get:2 http://deb.debian.org/debian bookworm/main amd64 libsasl2-2 amd64 2.1.28+dfsg-10 [59.7 kB]
Get:3 http://deb.debian.org/debian bookworm/main amd64 libldap-2.5-0 amd64 2.5.13+dfsg-5 [183 kB]
Get:4 http://deb.debian.org/debian bookworm/main amd64 libnghttp2-14 amd64 1.52.0-1+deb12u2 [73.0 kB]
Get:5 http://deb.debian.org/debian bookworm/main amd64 libpsl5 amd64 0.21.2-1 [58.7 kB]
Get:6 http://deb.debian.org/debian bookworm/main amd64 librtmp1 amd64 2.4+20151223.gitfa8646d.1-2+b2 [60.8 kB]
Get:7 http://deb.debian.org/debian bookworm/main amd64 libssh2-1 amd64 1.10.0-3+b1 [179 kB]
Get:8 http://deb.debian.org/debian bookworm/main amd64 libcurl4 amd64 7.88.1-10+deb12u14 [392 kB]
Get:9 http://deb.debian.org/debian bookworm/main amd64 curl amd64 7.88.1-10+deb12u14 [316 kB]
Get:10 http://deb.debian.org/debian bookworm/main amd64 libldap-common all 2.5.13+dfsg-5 [29.3 kB]
Get:11 http://deb.debian.org/debian bookworm/main amd64 libsasl2-modules amd64 2.1.28+dfsg-10 [66.6 kB]
Get:12 http://deb.debian.org/debian bookworm/main amd64 publicsuffix all 20230209.2326-1 [126 kB]
Fetched 1564 kB in 1s (2692 kB/s)
Selecting previously unselected package libsasl2-modules-db:amd64.
(Reading database ... (Reading database ... 5%(Reading database ... 10%(Reading database ... 15%(Reading database ... 20%(Reading database ... 25%(Reading database ... 30%(Reading database ... 35%(Reading database ... 40%(Reading database ... 45%(Reading database ... 50%(Reading database ... 55%(Reading database ... 60%(Reading database ... 65%(Reading database ... 70%(Reading database ... 75%(Reading database ... 80%(Reading database ... 85%(Reading database ... 90%(Reading database ... 95%(Reading database ... 100%(Reading database ... 12356 files and directories currently installed.)
Preparing to unpack .../00-libsasl2-modules-db_2.1.28+dfsg-10_amd64.deb ...
Unpacking libsasl2-modules-db:amd64 (2.1.28+dfsg-10) ...
Selecting previously unselected package libsasl2-2:amd64.
Preparing to unpack .../01-libsasl2-2_2.1.28+dfsg-10_amd64.deb ...
Unpacking libsasl2-2:amd64 (2.1.28+dfsg-10) ...
Selecting previously unselected package libldap-2.5-0:amd64.
Preparing to unpack .../02-libldap-2.5-0_2.5.13+dfsg-5_amd64.deb ...
Unpacking libldap-2.5-0:amd64 (2.5.13+dfsg-5) ...
Selecting previously unselected package libnghttp2-14:amd64.
Preparing to unpack .../03-libnghttp2-14_1.52.0-1+deb12u2_amd64.deb ...
Unpacking libnghttp2-14:amd64 (1.52.0-1+deb12u2) ...
Selecting previously unselected package libpsl5:amd64.
Preparing to unpack .../04-libpsl5_0.21.2-1_amd64.deb ...
Unpacking libpsl5:amd64 (0.21.2-1) ...
Selecting previously unselected package librtmp1:amd64.
Preparing to unpack .../05-librtmp1_2.4+20151223.gitfa8646d.1-2+b2_amd64.deb ...
Unpacking librtmp1:amd64 (2.4+20151223.gitfa8646d.1-2+b2) ...
Selecting previously unselected package libssh2-1:amd64.
Preparing to unpack .../06-libssh2-1_1.10.0-3+b1_amd64.deb ...
Unpacking libssh2-1:amd64 (1.10.0-3+b1) ...
Selecting previously unselected package libcurl4:amd64.
Preparing to unpack .../07-libcurl4_7.88.1-10+deb12u14_amd64.deb ...
Unpacking libcurl4:amd64 (7.88.1-10+deb12u14) ...
Selecting previously unselected package curl.
Preparing to unpack .../08-curl_7.88.1-10+deb12u14_amd64.deb ...
Unpacking curl (7.88.1-10+deb12u14) ...
Selecting previously unselected package libldap-common.
Preparing to unpack .../09-libldap-common_2.5.13+dfsg-5_all.deb ...
Unpacking libldap-common (2.5.13+dfsg-5) ...
Selecting previously unselected package libsasl2-modules:amd64.
Preparing to unpack .../10-libsasl2-modules_2.1.28+dfsg-10_amd64.deb ...
Unpacking libsasl2-modules:amd64 (2.1.28+dfsg-10) ...
Selecting previously unselected package publicsuffix.
Preparing to unpack .../11-publicsuffix_20230209.2326-1_all.deb ...
Unpacking publicsuffix (20230209.2326-1) ...
Setting up libpsl5:amd64 (0.21.2-1) ...
Setting up libsasl2-modules:amd64 (2.1.28+dfsg-10) ...
Setting up libnghttp2-14:amd64 (1.52.0-1+deb12u2) ...
Setting up libldap-common (2.5.13+dfsg-5) ...
Setting up libsasl2-modules-db:amd64 (2.1.28+dfsg-10) ...
Setting up librtmp1:amd64 (2.4+20151223.gitfa8646d.1-2+b2) ...
Setting up libsasl2-2:amd64 (2.1.28+dfsg-10) ...
Setting up libssh2-1:amd64 (1.10.0-3+b1) ...
Setting up publicsuffix (20230209.2326-1) ...
Setting up libldap-2.5-0:amd64 (2.5.13+dfsg-5) ...
Setting up libcurl4:amd64 (7.88.1-10+deb12u14) ...
Setting up curl (7.88.1-10+deb12u14) ...
Processing triggers for libc-bin (2.36-9+deb12u13) ...
no checksums to verify
installing to /root/.local/bin
  uv
  uvx
everything's installed!

To add $HOME/.local/bin to your PATH, either restart your shell or run:

    source $HOME/.local/bin/env (sh, bash, zsh)
    source $HOME/.local/bin/env.fish (fish)
============================= test session starts ==============================
platform linux -- Python 3.13.7, pytest-8.4.1, pluggy-1.6.0
rootdir: /tests
plugins: json-ctrf-0.3.5
collected 3 items

../tests/test_outputs.py ..F                                             [100%]

=================================== FAILURES ===================================
________________________________ test_sqrt_fib _________________________________

    def test_sqrt_fib():
        """
        Test that C simulation computes (fib(sqrt(n)) % 2^32) correctly
    
        The sim.c program only processes 32k lines, effectively checking that constraint.
        """
    
        # First compile the C program
        print("Compiling sim.c...")
        compile_result = subprocess.run(
            ["gcc", "-O3", "/tests/sim.c", "-o", "sim"], capture_output=True, text=True
        )
        if compile_result.returncode != 0:
            print(f"Compilation failed: {compile_result.stderr}")
            assert False
    
        # Test values
        test_cases = [
            1,
            4,
            8,
            12,
            41,
            42,
            107,
            220,
            209,
            366,
            12**2,
            41**2,
            42**2,
            107**2,
            220**2,
            209**2,
            12**2 - 1,
            41**2 - 1,
            42**2 - 1,
            107**2 - 1,
            220**2 - 1,
            209**2 - 1,
            12**2 + 1,
            41**2 + 1,
            42**2 + 1,
            107**2 + 1,
            220**2 + 1,
            209**2 + 1,
        ]
        all_passed = True
    
        print("\nTesting (fib(sqrt(n)) % 2^32):")
        print("-" * 80)
        print(
            f"{'n':>4} | {'fib(n)':>20} | {'fib(n) % 2^32':>15} | "
            f"{'sqrt':>12} | {'C output':>12} | {'Status':>8}"
        )
        print("-" * 80)
    
        for n in test_cases:
            # Calculate expected value
            fib_n = fibonacci(isqrt(n))
            fib_n_mod = fib_n % (2**32)  # Take modulo 2^32
            expected = fib_n_mod
    
            result = subprocess.run(["/app/sim", str(n)], capture_output=True, text=True)
    
            if result.returncode != 0:
                print(f"Error running simulation for n={n}: {result.stderr}")
                all_passed = False
                continue
    
            try:
                actual = int(result.stdout.strip())
            except ValueError:
                print(f"Error parsing output for n={n}: '{result.stdout}'")
                all_passed = False
                continue
    
            # Compare results
            passed = actual == expected
            status = "PASS" if passed else "FAIL"
            if not passed:
                all_passed = False
    
            print(
                f"{n:>4} | {fib_n:>20} | {fib_n_mod:>15} | "
                f"{expected:>12} | {actual:>12} | {status:>8}"
            )
    
        print("-" * 80)
        print(f"\nOverall: {'ALL TESTS PASSED' if all_passed else 'SOME TESTS FAILED'}")
    
>       assert all_passed
E       assert False

/tests/test_outputs.py:147: AssertionError
----------------------------- Captured stdout call -----------------------------
Compiling sim.c...

Testing (fib(sqrt(n)) % 2^32):
--------------------------------------------------------------------------------
   n |               fib(n) |   fib(n) % 2^32 |         sqrt |     C output |   Status
--------------------------------------------------------------------------------
Error parsing output for n=1: ''
Error parsing output for n=4: ''
Error parsing output for n=8: ''
Error parsing output for n=12: ''
Error parsing output for n=41: ''
Error parsing output for n=42: ''
Error parsing output for n=107: ''
Error parsing output for n=220: ''
Error parsing output for n=209: ''
Error parsing output for n=366: ''
Error parsing output for n=144: ''
Error parsing output for n=1681: ''
Error parsing output for n=1764: ''
Error parsing output for n=11449: ''
Error parsing output for n=48400: ''
Error parsing output for n=43681: ''
Error parsing output for n=143: ''
Error parsing output for n=1680: ''
Error parsing output for n=1763: ''
Error parsing output for n=11448: ''
Error parsing output for n=48399: ''
Error parsing output for n=43680: ''
Error parsing output for n=145: ''
Error parsing output for n=1682: ''
Error parsing output for n=1765: ''
Error parsing output for n=11450: ''
Error parsing output for n=48401: ''
Error parsing output for n=43682: ''
--------------------------------------------------------------------------------

Overall: SOME TESTS FAILED
==================================== PASSES ====================================
=========================== short test summary info ============================
PASSED ../tests/test_outputs.py::test_gates_file_exists
PASSED ../tests/test_outputs.py::test_gates_file_size
FAILED ../tests/test_outputs.py::test_sqrt_fib - assert False
========================= 1 failed, 2 passed in 0.27s ==========================
