{
    "results": {
        "tool": {
            "name": "pytest",
            "version": "8.4.1"
        },
        "summary": {
            "tests": 2,
            "passed": 1,
            "failed": 1,
            "skipped": 0,
            "pending": 0,
            "other": 0,
            "start": 1768181245.0544207,
            "stop": 1768181245.0837119
        },
        "tests": [
            {
                "name": "test_outputs.py::test_output_file_exists",
                "status": "passed",
                "duration": 0.0004579309606924653,
                "start": 1768181245.0697935,
                "stop": 1768181245.0704522,
                "retries": 0,
                "file_path": "test_outputs.py"
            },
            {
                "name": "test_outputs.py::test_output_is_correct",
                "status": "failed",
                "raw_status": "call_failed",
                "duration": 0.0005551329231821001,
                "start": 1768181245.0706456,
                "stop": 1768181245.0835543,
                "retries": 0,
                "file_path": "test_outputs.py",
                "trace": "def test_output_is_correct():\n        \"\"\"\n        Verify the output is correct\n        \"\"\"\n        output_path = Path(\"/app/output.txt\")\n        with open(output_path, \"r\") as f:\n            output = f.read()\n>       assert output.strip().startswith(\"bee26a\"), (\n            f\"Output {output} does not start with bee26a\"\n        )\nE       AssertionError: Output 8a00400206e7c8f012d30a2b9139849c93cad38fb7c1420e5b4dff61d3e28dd7 does not start with bee26a\nE       assert False\nE        +  where False = <built-in method startswith of str object at 0x7a192be7a8e0>('bee26a')\nE        +    where <built-in method startswith of str object at 0x7a192be7a8e0> = '8a00400206e7c8f012d30a2b9139849c93cad38fb7c1420e5b4dff61d3e28dd7'.startswith\nE        +      where '8a00400206e7c8f012d30a2b9139849c93cad38fb7c1420e5b4dff61d3e28dd7' = <built-in method strip of str object at 0x7a192be7a8e0>()\nE        +        where <built-in method strip of str object at 0x7a192be7a8e0> = '8a00400206e7c8f012d30a2b9139849c93cad38fb7c1420e5b4dff61d3e28dd7'.strip\n\n/tests/test_outputs.py:25: AssertionError",
                "message": "The test failed in the call phase due to an assertion error"
            }
        ]
    }
}