Hit:1 http://deb.debian.org/debian bookworm InRelease
Hit:2 http://deb.debian.org/debian bookworm-updates InRelease
Hit:3 http://deb.debian.org/debian-security bookworm-security InRelease
Reading package lists...
Reading package lists...
Building dependency tree...
Reading state information...
The following NEW packages will be installed:
  curl
0 upgraded, 1 newly installed, 0 to remove and 21 not upgraded.
Need to get 316 kB of archives.
After this operation, 501 kB of additional disk space will be used.
Get:1 http://deb.debian.org/debian bookworm/main amd64 curl amd64 7.88.1-10+deb12u14 [316 kB]
Fetched 316 kB in 0s (6387 kB/s)
Selecting previously unselected package curl.
(Reading database ... (Reading database ... 5%(Reading database ... 10%(Reading database ... 15%(Reading database ... 20%(Reading database ... 25%(Reading database ... 30%(Reading database ... 35%(Reading database ... 40%(Reading database ... 45%(Reading database ... 50%(Reading database ... 55%(Reading database ... 60%(Reading database ... 65%(Reading database ... 70%(Reading database ... 75%(Reading database ... 80%(Reading database ... 85%(Reading database ... 90%(Reading database ... 95%(Reading database ... 100%(Reading database ... 19354 files and directories currently installed.)
Preparing to unpack .../curl_7.88.1-10+deb12u14_amd64.deb ...
Unpacking curl (7.88.1-10+deb12u14) ...
Setting up curl (7.88.1-10+deb12u14) ...
no checksums to verify
installing to /root/.local/bin
  uv
  uvx
everything's installed!

To add $HOME/.local/bin to your PATH, either restart your shell or run:

    source $HOME/.local/bin/env (sh, bash, zsh)
    source $HOME/.local/bin/env.fish (fish)
============================= test session starts ==============================
platform linux -- Python 3.13.7, pytest-8.4.1, pluggy-1.6.0
rootdir: /tests
plugins: json-ctrf-0.3.5
collected 2 items

../tests/test_outputs.py .F                                              [100%]

=================================== FAILURES ===================================
____________________________ test_output_is_correct ____________________________

    def test_output_is_correct():
        """
        Verify the output is correct
        """
        output_path = Path("/app/output.txt")
        with open(output_path, "r") as f:
            output = f.read()
>       assert output.strip().startswith("bee26a"), (
            f"Output {output} does not start with bee26a"
        )
E       AssertionError: Output 8a00400206e7c8f012d30a2b9139849c93cad38fb7c1420e5b4dff61d3e28dd7 does not start with bee26a
E       assert False
E        +  where False = <built-in method startswith of str object at 0x7a192be7a8e0>('bee26a')
E        +    where <built-in method startswith of str object at 0x7a192be7a8e0> = '8a00400206e7c8f012d30a2b9139849c93cad38fb7c1420e5b4dff61d3e28dd7'.startswith
E        +      where '8a00400206e7c8f012d30a2b9139849c93cad38fb7c1420e5b4dff61d3e28dd7' = <built-in method strip of str object at 0x7a192be7a8e0>()
E        +        where <built-in method strip of str object at 0x7a192be7a8e0> = '8a00400206e7c8f012d30a2b9139849c93cad38fb7c1420e5b4dff61d3e28dd7'.strip

/tests/test_outputs.py:25: AssertionError
==================================== PASSES ====================================
=========================== short test summary info ============================
PASSED ../tests/test_outputs.py::test_output_file_exists
FAILED ../tests/test_outputs.py::test_output_is_correct - AssertionError: Out...
========================= 1 failed, 1 passed in 0.03s ==========================
