{
    "results": {
        "tool": {
            "name": "pytest",
            "version": "8.4.2"
        },
        "summary": {
            "tests": 7,
            "passed": 0,
            "failed": 7,
            "skipped": 0,
            "pending": 0,
            "other": 0,
            "start": 1768178357.5578954,
            "stop": 1768178357.6158247
        },
        "tests": [
            {
                "name": "test_outputs.py::test_proto_file_creation",
                "status": "failed",
                "raw_status": "call_failed",
                "duration": 0.0005764900124631822,
                "start": 1768178357.5833871,
                "stop": 1768178357.5953581,
                "retries": 0,
                "file_path": "test_outputs.py",
                "trace": "def test_proto_file_creation():\n        \"\"\"\n        Test that the kv-store.proto file was created by the agent.\n        This verifies the agent followed the task requirement to create the proto file.\n        \"\"\"\n        proto_path = Path(\"/app/kv-store.proto\")\n>       assert proto_path.exists(), f\"Proto file {proto_path} was not created by the agent\"\nE       AssertionError: Proto file /app/kv-store.proto was not created by the agent\nE       assert False\nE        +  where False = exists()\nE        +    where exists = PosixPath('/app/kv-store.proto').exists\n\n/tests/test_outputs.py:21: AssertionError",
                "message": "The test failed in the call phase due to an assertion error"
            },
            {
                "name": "test_outputs.py::test_grpc_tools_installation",
                "status": "failed",
                "raw_status": "call_failed",
                "duration": 0.0006205519894137979,
                "start": 1768178357.5955591,
                "stop": 1768178357.6001904,
                "retries": 0,
                "file_path": "test_outputs.py",
                "trace": "def test_grpc_tools_installation():\n        \"\"\"\n        Test that the relevant gRPC tools were installed by the agent.\n        This verifies the agent followed the task requirement to install relevant tools.\n        \"\"\"\n        try:\n            # Test that grpcio is installed and can be imported\n>           import grpc\nE           ModuleNotFoundError: No module named 'grpc'\n\n/tests/test_outputs.py:42: ModuleNotFoundError\n\nDuring handling of the above exception, another exception occurred:\n\n    def test_grpc_tools_installation():\n        \"\"\"\n        Test that the relevant gRPC tools were installed by the agent.\n        This verifies the agent followed the task requirement to install relevant tools.\n        \"\"\"\n        try:\n            # Test that grpcio is installed and can be imported\n            import grpc\n    \n            print(\"\u2713 grpcio successfully imported\")\n            _ = grpc  # Dummy call to suppress unused import warning\n        except ImportError:\n>           assert False, \"grpcio was not installed by the agent\"\nE           AssertionError: grpcio was not installed by the agent\nE           assert False\n\n/tests/test_outputs.py:47: AssertionError",
                "message": "The test failed in the call phase due to an assertion error"
            },
            {
                "name": "test_outputs.py::test_protobuf_generation",
                "status": "failed",
                "raw_status": "call_failed",
                "duration": 0.00042670307448133826,
                "start": 1768178357.6003745,
                "stop": 1768178357.6033735,
                "retries": 0,
                "file_path": "test_outputs.py",
                "trace": "def test_protobuf_generation():\n        \"\"\"\n        Test that the protobuf files were generated from the proto file.\n        This verifies the agent used the protoc compiler to generate the Python bindings.\n        \"\"\"\n        # Check that the generated files exist\n        kv_store_pb2_path = Path(\"/app/kv_store_pb2.py\")\n        kv_store_pb2_grpc_path = Path(\"/app/kv_store_pb2_grpc.py\")\n    \n>       assert kv_store_pb2_path.exists(), (\n            f\"Generated protobuf file {kv_store_pb2_path} does not exist\"\n        )\nE       AssertionError: Generated protobuf file /app/kv_store_pb2.py does not exist\nE       assert False\nE        +  where False = exists()\nE        +    where exists = PosixPath('/app/kv_store_pb2.py').exists\n\n/tests/test_outputs.py:59: AssertionError",
                "message": "The test failed in the call phase due to an assertion error"
            },
            {
                "name": "test_outputs.py::test_server_file_creation",
                "status": "failed",
                "raw_status": "call_failed",
                "duration": 0.00044550292659550905,
                "start": 1768178357.6035523,
                "stop": 1768178357.6064327,
                "retries": 0,
                "file_path": "test_outputs.py",
                "trace": "def test_server_file_creation():\n        \"\"\"\n        Test that the server.py file was created by the agent.\n        This verifies the agent implemented the gRPC server as required.\n        \"\"\"\n        server_py_path = Path(\"/app/server.py\")\n>       assert server_py_path.exists(), f\"Server file {server_py_path} was not created\"\nE       AssertionError: Server file /app/server.py was not created\nE       assert False\nE        +  where False = exists()\nE        +    where exists = PosixPath('/app/server.py').exists\n\n/tests/test_outputs.py:73: AssertionError",
                "message": "The test failed in the call phase due to an assertion error"
            },
            {
                "name": "test_outputs.py::test_real_grpc_server_running",
                "status": "failed",
                "raw_status": "call_failed",
                "duration": 0.0005487629678100348,
                "start": 1768178357.6066132,
                "stop": 1768178357.609777,
                "retries": 0,
                "file_path": "test_outputs.py",
                "trace": "def test_real_grpc_server_running():\n        \"\"\"\n        Anti-cheating test: Verify that a real gRPC server process is running.\n        This prevents agents from creating mock implementations.\n        \"\"\"\n        port = 5328\n    \n        # Test 1: Check if the port is actually listening\n        sock = socket.socket(socket.AF_INET, socket.SOCK_STREAM)\n        sock.settimeout(5)\n        result = sock.connect_ex((\"127.0.0.1\", port))\n        sock.close()\n    \n>       assert result == 0, f\"Port {port} is not listening - no real gRPC server is running\"\nE       AssertionError: Port 5328 is not listening - no real gRPC server is running\nE       assert 111 == 0\n\n/tests/test_outputs.py:96: AssertionError",
                "message": "The test failed in the call phase due to an assertion error"
            },
            {
                "name": "test_outputs.py::test_grpc_protocol_handshake",
                "status": "failed",
                "raw_status": "call_failed",
                "duration": 0.0004873679718002677,
                "start": 1768178357.609975,
                "stop": 1768178357.6127148,
                "retries": 0,
                "file_path": "test_outputs.py",
                "trace": "def test_grpc_protocol_handshake():\n        \"\"\"\n        Anti-cheating test: Verify that the server responds to actual gRPC protocol.\n        This ensures we're not just talking to a mock HTTP server.\n        \"\"\"\n>       import grpc\nE       ModuleNotFoundError: No module named 'grpc'\n\n/tests/test_outputs.py:104: ModuleNotFoundError",
                "message": "The test failed in the call phase"
            },
            {
                "name": "test_outputs.py::test_grpc_server_functionality",
                "status": "failed",
                "raw_status": "call_failed",
                "duration": 0.0004969289875589311,
                "start": 1768178357.6129096,
                "stop": 1768178357.6156585,
                "retries": 0,
                "file_path": "test_outputs.py",
                "trace": "def test_grpc_server_functionality():\n        \"\"\"\n        Test that the gRPC server responds correctly to SetVal and GetVal requests.\n        This verifies the server implements the KVStore service correctly.\n        \"\"\"\n>       import grpc\nE       ModuleNotFoundError: No module named 'grpc'\n\n/tests/test_outputs.py:143: ModuleNotFoundError",
                "message": "The test failed in the call phase"
            }
        ]
    }
}