Collecting pytest==8.4.2
  Downloading pytest-8.4.2-py3-none-any.whl.metadata (7.7 kB)
Collecting requests==2.32.5
  Downloading requests-2.32.5-py3-none-any.whl.metadata (4.9 kB)
Collecting psutil==7.0.0
  Downloading psutil-7.0.0-cp36-abi3-manylinux_2_12_x86_64.manylinux2010_x86_64.manylinux_2_17_x86_64.manylinux2014_x86_64.whl.metadata (22 kB)
Collecting pytest-json-ctrf==0.3.5
  Downloading pytest_json_ctrf-0.3.5-py3-none-any.whl.metadata (3.3 kB)
Collecting iniconfig>=1 (from pytest==8.4.2)
  Downloading iniconfig-2.3.0-py3-none-any.whl.metadata (2.5 kB)
Collecting packaging>=20 (from pytest==8.4.2)
  Downloading packaging-25.0-py3-none-any.whl.metadata (3.3 kB)
Collecting pluggy<2,>=1.5 (from pytest==8.4.2)
  Downloading pluggy-1.6.0-py3-none-any.whl.metadata (4.8 kB)
Collecting pygments>=2.7.2 (from pytest==8.4.2)
  Downloading pygments-2.19.2-py3-none-any.whl.metadata (2.5 kB)
Collecting charset_normalizer<4,>=2 (from requests==2.32.5)
  Downloading charset_normalizer-3.4.4-cp313-cp313-manylinux2014_x86_64.manylinux_2_17_x86_64.manylinux_2_28_x86_64.whl.metadata (37 kB)
Collecting idna<4,>=2.5 (from requests==2.32.5)
  Downloading idna-3.11-py3-none-any.whl.metadata (8.4 kB)
Collecting urllib3<3,>=1.21.1 (from requests==2.32.5)
  Downloading urllib3-2.6.3-py3-none-any.whl.metadata (6.9 kB)
Collecting certifi>=2017.4.17 (from requests==2.32.5)
  Downloading certifi-2026.1.4-py3-none-any.whl.metadata (2.5 kB)
Downloading pytest-8.4.2-py3-none-any.whl (365 kB)
Downloading requests-2.32.5-py3-none-any.whl (64 kB)
Downloading psutil-7.0.0-cp36-abi3-manylinux_2_12_x86_64.manylinux2010_x86_64.manylinux_2_17_x86_64.manylinux2014_x86_64.whl (277 kB)
Downloading pytest_json_ctrf-0.3.5-py3-none-any.whl (6.8 kB)
Downloading charset_normalizer-3.4.4-cp313-cp313-manylinux2014_x86_64.manylinux_2_17_x86_64.manylinux_2_28_x86_64.whl (153 kB)
Downloading idna-3.11-py3-none-any.whl (71 kB)
Downloading pluggy-1.6.0-py3-none-any.whl (20 kB)
Downloading urllib3-2.6.3-py3-none-any.whl (131 kB)
Downloading certifi-2026.1.4-py3-none-any.whl (152 kB)
Downloading iniconfig-2.3.0-py3-none-any.whl (7.5 kB)
Downloading packaging-25.0-py3-none-any.whl (66 kB)
Downloading pygments-2.19.2-py3-none-any.whl (1.2 MB)
   ━━━━━━━━━━━━━━━━━━━━━━━━━━━━━━━━━━━━━━━━ 1.2/1.2 MB 46.6 MB/s  0:00:00
Installing collected packages: urllib3, pygments, psutil, pluggy, packaging, iniconfig, idna, charset_normalizer, certifi, requests, pytest, pytest-json-ctrf

Successfully installed certifi-2026.1.4 charset_normalizer-3.4.4 idna-3.11 iniconfig-2.3.0 packaging-25.0 pluggy-1.6.0 psutil-7.0.0 pygments-2.19.2 pytest-8.4.2 pytest-json-ctrf-0.3.5 requests-2.32.5 urllib3-2.6.3
============================= test session starts ==============================
platform linux -- Python 3.13.7, pytest-8.4.2, pluggy-1.6.0
rootdir: /tests
plugins: json-ctrf-0.3.5
collected 7 items

../tests/test_outputs.py FFFFFFF                                         [100%]

=================================== FAILURES ===================================
___________________________ test_proto_file_creation ___________________________

    def test_proto_file_creation():
        """
        Test that the kv-store.proto file was created by the agent.
        This verifies the agent followed the task requirement to create the proto file.
        """
        proto_path = Path("/app/kv-store.proto")
>       assert proto_path.exists(), f"Proto file {proto_path} was not created by the agent"
E       AssertionError: Proto file /app/kv-store.proto was not created by the agent
E       assert False
E        +  where False = exists()
E        +    where exists = PosixPath('/app/kv-store.proto').exists

/tests/test_outputs.py:21: AssertionError
_________________________ test_grpc_tools_installation _________________________

    def test_grpc_tools_installation():
        """
        Test that the relevant gRPC tools were installed by the agent.
        This verifies the agent followed the task requirement to install relevant tools.
        """
        try:
            # Test that grpcio is installed and can be imported
>           import grpc
E           ModuleNotFoundError: No module named 'grpc'

/tests/test_outputs.py:42: ModuleNotFoundError

During handling of the above exception, another exception occurred:

    def test_grpc_tools_installation():
        """
        Test that the relevant gRPC tools were installed by the agent.
        This verifies the agent followed the task requirement to install relevant tools.
        """
        try:
            # Test that grpcio is installed and can be imported
            import grpc
    
            print("✓ grpcio successfully imported")
            _ = grpc  # Dummy call to suppress unused import warning
        except ImportError:
>           assert False, "grpcio was not installed by the agent"
E           AssertionError: grpcio was not installed by the agent
E           assert False

/tests/test_outputs.py:47: AssertionError
___________________________ test_protobuf_generation ___________________________

    def test_protobuf_generation():
        """
        Test that the protobuf files were generated from the proto file.
        This verifies the agent used the protoc compiler to generate the Python bindings.
        """
        # Check that the generated files exist
        kv_store_pb2_path = Path("/app/kv_store_pb2.py")
        kv_store_pb2_grpc_path = Path("/app/kv_store_pb2_grpc.py")
    
>       assert kv_store_pb2_path.exists(), (
            f"Generated protobuf file {kv_store_pb2_path} does not exist"
        )
E       AssertionError: Generated protobuf file /app/kv_store_pb2.py does not exist
E       assert False
E        +  where False = exists()
E        +    where exists = PosixPath('/app/kv_store_pb2.py').exists

/tests/test_outputs.py:59: AssertionError
__________________________ test_server_file_creation ___________________________

    def test_server_file_creation():
        """
        Test that the server.py file was created by the agent.
        This verifies the agent implemented the gRPC server as required.
        """
        server_py_path = Path("/app/server.py")
>       assert server_py_path.exists(), f"Server file {server_py_path} was not created"
E       AssertionError: Server file /app/server.py was not created
E       assert False
E        +  where False = exists()
E        +    where exists = PosixPath('/app/server.py').exists

/tests/test_outputs.py:73: AssertionError
________________________ test_real_grpc_server_running _________________________

    def test_real_grpc_server_running():
        """
        Anti-cheating test: Verify that a real gRPC server process is running.
        This prevents agents from creating mock implementations.
        """
        port = 5328
    
        # Test 1: Check if the port is actually listening
        sock = socket.socket(socket.AF_INET, socket.SOCK_STREAM)
        sock.settimeout(5)
        result = sock.connect_ex(("127.0.0.1", port))
        sock.close()
    
>       assert result == 0, f"Port {port} is not listening - no real gRPC server is running"
E       AssertionError: Port 5328 is not listening - no real gRPC server is running
E       assert 111 == 0

/tests/test_outputs.py:96: AssertionError
_________________________ test_grpc_protocol_handshake _________________________

    def test_grpc_protocol_handshake():
        """
        Anti-cheating test: Verify that the server responds to actual gRPC protocol.
        This ensures we're not just talking to a mock HTTP server.
        """
>       import grpc
E       ModuleNotFoundError: No module named 'grpc'

/tests/test_outputs.py:104: ModuleNotFoundError
________________________ test_grpc_server_functionality ________________________

    def test_grpc_server_functionality():
        """
        Test that the gRPC server responds correctly to SetVal and GetVal requests.
        This verifies the server implements the KVStore service correctly.
        """
>       import grpc
E       ModuleNotFoundError: No module named 'grpc'

/tests/test_outputs.py:143: ModuleNotFoundError
=========================== short test summary info ============================
FAILED ../tests/test_outputs.py::test_proto_file_creation - AssertionError: P...
FAILED ../tests/test_outputs.py::test_grpc_tools_installation - AssertionErro...
FAILED ../tests/test_outputs.py::test_protobuf_generation - AssertionError: G...
FAILED ../tests/test_outputs.py::test_server_file_creation - AssertionError: ...
FAILED ../tests/test_outputs.py::test_real_grpc_server_running - AssertionErr...
FAILED ../tests/test_outputs.py::test_grpc_protocol_handshake - ModuleNotFoun...
FAILED ../tests/test_outputs.py::test_grpc_server_functionality - ModuleNotFo...
============================== 7 failed in 0.06s ===============================
